This is pdfTeX, Version 3.141592653-2.6-1.40.22 (TeX Live 2022/dev/Debian) (preloaded format=pdflatex 2025.9.26)  24 OCT 2025 17:34
entering extended mode
 \write18 enabled.
 %&-line parsing enabled.
**tesis.tex
(./tesis.tex
LaTeX2e <2021-11-15> patch level 1
L3 programming layer <2022-01-21> (./tesis.cls
Document Class: tesis 1996/25/01 1.0g LaTeX document class (wm).
\hours=\count185
\minutes=\count186
(/usr/share/texlive/texmf-dist/tex/latex/base/bk11.clo
File: bk11.clo 2021/10/04 v1.4n Standard LaTeX file (size option)
)
\c@part=\count187
\c@chapter=\count188
\c@section=\count189
\c@subsection=\count190
\c@subsubsection=\count191
\c@paragraph=\count192
\c@subparagraph=\count193
\beforechaptervspace=\skip47
\afterchaptervspace=\skip48
\exampleindent=\skip49
\c@figure=\count194
\c@table=\count195
\abovecaptionskip=\skip50
\belowcaptionskip=\skip51
\bibindent=\dimen138
)
(/usr/share/texlive/texmf-dist/tex/latex/minted/minted.sty
Package: minted 2021/12/24 v2.6 Yet another Pygments shim for LaTeX

(/usr/share/texlive/texmf-dist/tex/latex/graphics/keyval.sty
Package: keyval 2014/10/28 v1.15 key=value parser (DPC)
\KV@toks@=\toks16
)
(/usr/share/texlive/texmf-dist/tex/latex/kvoptions/kvoptions.sty
Package: kvoptions 2020-10-07 v3.14 Key value format for package options (HO)

(/usr/share/texlive/texmf-dist/tex/generic/ltxcmds/ltxcmds.sty
Package: ltxcmds 2020-05-10 v1.25 LaTeX kernel commands for general use (HO)
)
(/usr/share/texlive/texmf-dist/tex/generic/kvsetkeys/kvsetkeys.sty
Package: kvsetkeys 2019/12/15 v1.18 Key value parser (HO)
))
(/usr/share/texlive/texmf-dist/tex/latex/fvextra/fvextra.sty
Package: fvextra 2019/02/04 v1.4 fvextra - extensions and patches for fancyvrb

(/usr/share/texlive/texmf-dist/tex/latex/base/ifthen.sty
Package: ifthen 2020/11/24 v1.1c Standard LaTeX ifthen package (DPC)
)
(/usr/share/texlive/texmf-dist/tex/latex/etoolbox/etoolbox.sty
Package: etoolbox 2020/10/05 v2.5k e-TeX tools for LaTeX (JAW)
\etb@tempcnta=\count196
)
(/usr/share/texlive/texmf-dist/tex/latex/fancyvrb/fancyvrb.sty
Package: fancyvrb 2021/12/21 4.1b verbatim text (tvz,hv)
\FV@CodeLineNo=\count197
\FV@InFile=\read2
\FV@TabBox=\box50
\c@FancyVerbLine=\count198
\FV@StepNumber=\count199
\FV@OutFile=\write3
)
(/usr/share/texlive/texmf-dist/tex/latex/upquote/upquote.sty
Package: upquote 2012/04/19 v1.3 upright-quote and grave-accent glyphs in verba
tim
)
(/usr/share/texlive/texmf-dist/tex/latex/lineno/lineno.sty
Package: lineno 2005/11/02 line numbers on paragraphs v4.41
\linenopenalty=\count266
\output=\toks17
\linenoprevgraf=\count267
\linenumbersep=\dimen139
\linenumberwidth=\dimen140
\c@linenumber=\count268
\c@pagewiselinenumber=\count269
\c@LN@truepage=\count270
\c@internallinenumber=\count271
\c@internallinenumbers=\count272
\quotelinenumbersep=\dimen141
\bframerule=\dimen142
\bframesep=\dimen143
\bframebox=\box51
LaTeX Info: Redefining \\ on input line 3056.
)
\c@FV@TrueTabGroupLevel=\count273
\c@FV@TrueTabCounter=\count274
\FV@TabBox@Group=\box52
\FV@TmpLength=\skip52
\c@FV@HighlightLinesStart=\count275
\c@FV@HighlightLinesStop=\count276
\FV@LoopCount=\count277
\FV@NCharsBox=\box53
\FV@BreakIndent=\dimen144
\FV@BreakIndentNChars=\count278
\FV@BreakSymbolSepLeft=\dimen145
\FV@BreakSymbolSepLeftNChars=\count279
\FV@BreakSymbolSepRight=\dimen146
\FV@BreakSymbolSepRightNChars=\count280
\FV@BreakSymbolIndentLeft=\dimen147
\FV@BreakSymbolIndentLeftNChars=\count281
\FV@BreakSymbolIndentRight=\dimen148
\FV@BreakSymbolIndentRightNChars=\count282
\c@FancyVerbLineBreakLast=\count283
\FV@LineBox=\box54
\FV@LineIndentBox=\box55
\FV@LineWidth=\dimen149
)
(/usr/share/texlive/texmf-dist/tex/latex/tools/calc.sty
Package: calc 2017/05/25 v4.3 Infix arithmetic (KKT,FJ)
\calc@Acount=\count284
\calc@Bcount=\count285
\calc@Adimen=\dimen150
\calc@Bdimen=\dimen151
\calc@Askip=\skip53
\calc@Bskip=\skip54
LaTeX Info: Redefining \setlength on input line 80.
LaTeX Info: Redefining \addtolength on input line 81.
\calc@Ccount=\count286
\calc@Cskip=\skip55
)
(/usr/share/texlive/texmf-dist/tex/latex/tools/shellesc.sty
Package: shellesc 2019/11/08 v1.0c unified shell escape interface for LaTeX
Package shellesc Info: Unrestricted shell escape enabled on input line 75.
)
(/usr/share/texlive/texmf-dist/tex/latex/ifplatform/ifplatform.sty
Package: ifplatform 2017/10/13 v0.4a Testing for the operating system

(/usr/share/texlive/texmf-dist/tex/generic/pdftexcmds/pdftexcmds.sty
Package: pdftexcmds 2020-06-27 v0.33 Utility functions of pdfTeX for LuaTeX (HO
)

(/usr/share/texlive/texmf-dist/tex/generic/infwarerr/infwarerr.sty
Package: infwarerr 2019/12/03 v1.5 Providing info/warning/error messages (HO)
)
(/usr/share/texlive/texmf-dist/tex/generic/iftex/iftex.sty
Package: iftex 2020/03/06 v1.0d TeX engine tests
)
Package pdftexcmds Info: \pdf@primitive is available.
Package pdftexcmds Info: \pdf@ifprimitive is available.
Package pdftexcmds Info: \pdfdraftmode found.
)
(/usr/share/texlive/texmf-dist/tex/generic/catchfile/catchfile.sty
Package: catchfile 2019/12/09 v1.8 Catch the contents of a file (HO)

(/usr/share/texlive/texmf-dist/tex/generic/etexcmds/etexcmds.sty
Package: etexcmds 2019/12/15 v1.7 Avoid name clashes with e-TeX commands (HO)
))
(/usr/share/texlive/texmf-dist/tex/generic/iftex/ifluatex.sty
Package: ifluatex 2019/10/25 v1.5 ifluatex legacy package. Use iftex instead.
)
runsystem(uname -s > "tesis.w18")...executed.

 (./tesis.w18)
runsystem(rm -- "tesis.w18")...executed.

)
(/usr/share/texlive/texmf-dist/tex/generic/xstring/xstring.sty
(/usr/share/texlive/texmf-dist/tex/generic/xstring/xstring.tex
\integerpart=\count287
\decimalpart=\count288
)
Package: xstring 2021/07/21 v1.84 String manipulations (CT)
)
(/usr/share/texlive/texmf-dist/tex/latex/framed/framed.sty
Package: framed 2011/10/22 v 0.96: framed or shaded text with page breaks
\OuterFrameSep=\skip56
\fb@frw=\dimen152
\fb@frh=\dimen153
\FrameRule=\dimen154
\FrameSep=\dimen155
)
(/usr/share/texlive/texmf-dist/tex/latex/float/float.sty
Package: float 2001/11/08 v1.3d Float enhancements (AL)
\c@float@type=\count289
\float@exts=\toks18
\float@box=\box56
\@float@everytoks=\toks19
\@floatcapt=\box57
)
\minted@appexistsfile=\read3
\minted@bgbox=\box58
\minted@code=\write4
\c@minted@FancyVerbLineTemp=\count290
\c@minted@pygmentizecounter=\count291
\@float@every@listing=\toks20
\c@listing=\count292
)
runsystem(mkdir -p _minted-tesis)...executed.


(/usr/share/texlive/texmf-dist/tex/latex/amsmath/amsmath.sty
Package: amsmath 2021/10/15 v2.17l AMS math features
\@mathmargin=\skip57

For additional information on amsmath, use the `?' option.
(/usr/share/texlive/texmf-dist/tex/latex/amsmath/amstext.sty
Package: amstext 2021/08/26 v2.01 AMS text

(/usr/share/texlive/texmf-dist/tex/latex/amsmath/amsgen.sty
File: amsgen.sty 1999/11/30 v2.0 generic functions
\@emptytoks=\toks21
\ex@=\dimen156
))
(/usr/share/texlive/texmf-dist/tex/latex/amsmath/amsbsy.sty
Package: amsbsy 1999/11/29 v1.2d Bold Symbols
\pmbraise@=\dimen157
)
(/usr/share/texlive/texmf-dist/tex/latex/amsmath/amsopn.sty
Package: amsopn 2021/08/26 v2.02 operator names
)
\inf@bad=\count293
LaTeX Info: Redefining \frac on input line 234.
\uproot@=\count294
\leftroot@=\count295
LaTeX Info: Redefining \overline on input line 399.
\classnum@=\count296
\DOTSCASE@=\count297
LaTeX Info: Redefining \ldots on input line 496.
LaTeX Info: Redefining \dots on input line 499.
LaTeX Info: Redefining \cdots on input line 620.
\Mathstrutbox@=\box59
\strutbox@=\box60
\big@size=\dimen158
LaTeX Font Info:    Redeclaring font encoding OML on input line 743.
LaTeX Font Info:    Redeclaring font encoding OMS on input line 744.
\macc@depth=\count298
\c@MaxMatrixCols=\count299
\dotsspace@=\muskip16
\c@parentequation=\count300
\dspbrk@lvl=\count301
\tag@help=\toks22
\row@=\count302
\column@=\count303
\maxfields@=\count304
\andhelp@=\toks23
\eqnshift@=\dimen159
\alignsep@=\dimen160
\tagshift@=\dimen161
\tagwidth@=\dimen162
\totwidth@=\dimen163
\lineht@=\dimen164
\@envbody=\toks24
\multlinegap=\skip58
\multlinetaggap=\skip59
\mathdisplay@stack=\toks25
LaTeX Info: Redefining \[ on input line 2938.
LaTeX Info: Redefining \] on input line 2939.
)
(/usr/share/texlive/texmf-dist/tex/latex/booktabs/booktabs.sty
Package: booktabs 2020/01/12 v1.61803398 Publication quality tables
\heavyrulewidth=\dimen165
\lightrulewidth=\dimen166
\cmidrulewidth=\dimen167
\belowrulesep=\dimen168
\belowbottomsep=\dimen169
\aboverulesep=\dimen170
\abovetopsep=\dimen171
\cmidrulesep=\dimen172
\cmidrulekern=\dimen173
\defaultaddspace=\dimen174
\@cmidla=\count305
\@cmidlb=\count306
\@aboverulesep=\dimen175
\@belowrulesep=\dimen176
\@thisruleclass=\count307
\@lastruleclass=\count308
\@thisrulewidth=\dimen177
)
(/usr/share/texlive/texmf-dist/tex/latex/graphics/graphicx.sty
Package: graphicx 2021/09/16 v1.2d Enhanced LaTeX Graphics (DPC,SPQR)

(/usr/share/texlive/texmf-dist/tex/latex/graphics/graphics.sty
Package: graphics 2021/03/04 v1.4d Standard LaTeX Graphics (DPC,SPQR)

(/usr/share/texlive/texmf-dist/tex/latex/graphics/trig.sty
Package: trig 2021/08/11 v1.11 sin cos tan (DPC)
)
(/usr/share/texlive/texmf-dist/tex/latex/graphics-cfg/graphics.cfg
File: graphics.cfg 2016/06/04 v1.11 sample graphics configuration
)
Package graphics Info: Driver file: pdftex.def on input line 107.

(/usr/share/texlive/texmf-dist/tex/latex/graphics-def/pdftex.def
File: pdftex.def 2020/10/05 v1.2a Graphics/color driver for pdftex
))
\Gin@req@height=\dimen178
\Gin@req@width=\dimen179
)
(/usr/share/texlive/texmf-dist/tex/latex/base/inputenc.sty
Package: inputenc 2021/02/14 v1.3d Input encoding file
\inpenc@prehook=\toks26
\inpenc@posthook=\toks27
)
(/usr/share/texlive/texmf-dist/tex/generic/babel/babel.sty
Package: babel 2022/01/26 3.70 The Babel package
\babel@savecnt=\count309
\U@D=\dimen180
\l@unhyphenated=\language10

(/usr/share/texlive/texmf-dist/tex/generic/babel/txtbabel.def)
\bbl@readstream=\read4
\bbl@dirlevel=\count310

(/usr/share/texlive/texmf-dist/tex/generic/babel-spanish/spanish.ldf
Language: spanish.ldf 2021/05/27 v5.0q Spanish support from the babel system
\es@quottoks=\toks28
\es@quotdepth=\count311
Package babel Info: Making " an active character on input line 570.
Package babel Info: Making . an active character on input line 675.
Package babel Info: Making < an active character on input line 722.
Package babel Info: Making > an active character on input line 722.
))
(/usr/share/texlive/texmf-dist/tex/latex/geometry/geometry.sty
Package: geometry 2020/01/02 v5.9 Page Geometry

(/usr/share/texlive/texmf-dist/tex/generic/iftex/ifvtex.sty
Package: ifvtex 2019/10/25 v1.7 ifvtex legacy package. Use iftex instead.
)
\Gm@cnth=\count312
\Gm@cntv=\count313
\c@Gm@tempcnt=\count314
\Gm@bindingoffset=\dimen181
\Gm@wd@mp=\dimen182
\Gm@odd@mp=\dimen183
\Gm@even@mp=\dimen184
\Gm@layoutwidth=\dimen185
\Gm@layoutheight=\dimen186
\Gm@layouthoffset=\dimen187
\Gm@layoutvoffset=\dimen188
\Gm@dimlist=\toks29
)
(/usr/share/texlive/texmf-dist/tex/latex/amsfonts/amssymb.sty
Package: amssymb 2013/01/14 v3.01 AMS font symbols

(/usr/share/texlive/texmf-dist/tex/latex/amsfonts/amsfonts.sty
Package: amsfonts 2013/01/14 v3.01 Basic AMSFonts support
\symAMSa=\mathgroup4
\symAMSb=\mathgroup5
LaTeX Font Info:    Redeclaring math symbol \hbar on input line 98.
LaTeX Font Info:    Overwriting math alphabet `\mathfrak' in version `bold'
(Font)                  U/euf/m/n --> U/euf/b/n on input line 106.
))
(/usr/share/texlive/texmf-dist/tex/latex/url/url.sty
\Urlmuskip=\muskip17
Package: url 2013/09/16  ver 3.4  Verb mode for urls, etc.
)
(/usr/share/texlive/texmf-dist/tex/latex/xcolor/xcolor.sty
Package: xcolor 2021/10/31 v2.13 LaTeX color extensions (UK)

(/usr/share/texlive/texmf-dist/tex/latex/graphics-cfg/color.cfg
File: color.cfg 2016/01/02 v1.6 sample color configuration
)
Package xcolor Info: Driver file: pdftex.def on input line 227.
Package xcolor Info: Model `cmy' substituted by `cmy0' on input line 1352.
Package xcolor Info: Model `hsb' substituted by `rgb' on input line 1356.
Package xcolor Info: Model `RGB' extended on input line 1368.
Package xcolor Info: Model `HTML' substituted by `rgb' on input line 1370.
Package xcolor Info: Model `Hsb' substituted by `hsb' on input line 1371.
Package xcolor Info: Model `tHsb' substituted by `hsb' on input line 1372.
Package xcolor Info: Model `HSB' substituted by `hsb' on input line 1373.
Package xcolor Info: Model `Gray' substituted by `gray' on input line 1374.
Package xcolor Info: Model `wave' substituted by `hsb' on input line 1375.
)
(/usr/share/texlive/texmf-dist/tex/latex/todonotes/todonotes.sty
Package: todonotes 2021/06/04 v1.1.5 Todonotes source and documentation.
Package: todonotes 2021/06/04

(/usr/share/texlive/texmf-dist/tex/latex/xkeyval/xkeyval.sty
Package: xkeyval 2020/11/20 v2.8 package option processing (HA)

(/usr/share/texlive/texmf-dist/tex/generic/xkeyval/xkeyval.tex
(/usr/share/texlive/texmf-dist/tex/generic/xkeyval/xkvutils.tex
\XKV@toks=\toks30
\XKV@tempa@toks=\toks31
)
\XKV@depth=\count315
File: xkeyval.tex 2014/12/03 v2.7a key=value parser (HA)
))
(/usr/share/texlive/texmf-dist/tex/latex/pgf/frontendlayer/tikz.sty
(/usr/share/texlive/texmf-dist/tex/latex/pgf/basiclayer/pgf.sty
(/usr/share/texlive/texmf-dist/tex/latex/pgf/utilities/pgfrcs.sty
(/usr/share/texlive/texmf-dist/tex/generic/pgf/utilities/pgfutil-common.tex
\pgfutil@everybye=\toks32
\pgfutil@tempdima=\dimen189
\pgfutil@tempdimb=\dimen190

(/usr/share/texlive/texmf-dist/tex/generic/pgf/utilities/pgfutil-common-lists.t
ex)) (/usr/share/texlive/texmf-dist/tex/generic/pgf/utilities/pgfutil-latex.def
\pgfutil@abb=\box61
) (/usr/share/texlive/texmf-dist/tex/generic/pgf/utilities/pgfrcs.code.tex
(/usr/share/texlive/texmf-dist/tex/generic/pgf/pgf.revision.tex)
Package: pgfrcs 2021/05/15 v3.1.9a (3.1.9a)
))
Package: pgf 2021/05/15 v3.1.9a (3.1.9a)

(/usr/share/texlive/texmf-dist/tex/latex/pgf/basiclayer/pgfcore.sty
(/usr/share/texlive/texmf-dist/tex/latex/pgf/systemlayer/pgfsys.sty
(/usr/share/texlive/texmf-dist/tex/generic/pgf/systemlayer/pgfsys.code.tex
Package: pgfsys 2021/05/15 v3.1.9a (3.1.9a)

(/usr/share/texlive/texmf-dist/tex/generic/pgf/utilities/pgfkeys.code.tex
\pgfkeys@pathtoks=\toks33
\pgfkeys@temptoks=\toks34

(/usr/share/texlive/texmf-dist/tex/generic/pgf/utilities/pgfkeysfiltered.code.t
ex
\pgfkeys@tmptoks=\toks35
))
\pgf@x=\dimen191
\pgf@y=\dimen192
\pgf@xa=\dimen193
\pgf@ya=\dimen194
\pgf@xb=\dimen195
\pgf@yb=\dimen196
\pgf@xc=\dimen197
\pgf@yc=\dimen198
\pgf@xd=\dimen199
\pgf@yd=\dimen256
\w@pgf@writea=\write5
\r@pgf@reada=\read5
\c@pgf@counta=\count316
\c@pgf@countb=\count317
\c@pgf@countc=\count318
\c@pgf@countd=\count319
\t@pgf@toka=\toks36
\t@pgf@tokb=\toks37
\t@pgf@tokc=\toks38
\pgf@sys@id@count=\count320
 (/usr/share/texlive/texmf-dist/tex/generic/pgf/systemlayer/pgf.cfg
File: pgf.cfg 2021/05/15 v3.1.9a (3.1.9a)
)
Driver file for pgf: pgfsys-pdftex.def

(/usr/share/texlive/texmf-dist/tex/generic/pgf/systemlayer/pgfsys-pdftex.def
File: pgfsys-pdftex.def 2021/05/15 v3.1.9a (3.1.9a)

(/usr/share/texlive/texmf-dist/tex/generic/pgf/systemlayer/pgfsys-common-pdf.de
f
File: pgfsys-common-pdf.def 2021/05/15 v3.1.9a (3.1.9a)
)))
(/usr/share/texlive/texmf-dist/tex/generic/pgf/systemlayer/pgfsyssoftpath.code.
tex
File: pgfsyssoftpath.code.tex 2021/05/15 v3.1.9a (3.1.9a)
\pgfsyssoftpath@smallbuffer@items=\count321
\pgfsyssoftpath@bigbuffer@items=\count322
)
(/usr/share/texlive/texmf-dist/tex/generic/pgf/systemlayer/pgfsysprotocol.code.
tex
File: pgfsysprotocol.code.tex 2021/05/15 v3.1.9a (3.1.9a)
))
(/usr/share/texlive/texmf-dist/tex/generic/pgf/basiclayer/pgfcore.code.tex
Package: pgfcore 2021/05/15 v3.1.9a (3.1.9a)

(/usr/share/texlive/texmf-dist/tex/generic/pgf/math/pgfmath.code.tex
(/usr/share/texlive/texmf-dist/tex/generic/pgf/math/pgfmathcalc.code.tex
(/usr/share/texlive/texmf-dist/tex/generic/pgf/math/pgfmathutil.code.tex)
(/usr/share/texlive/texmf-dist/tex/generic/pgf/math/pgfmathparser.code.tex
\pgfmath@dimen=\dimen257
\pgfmath@count=\count323
\pgfmath@box=\box62
\pgfmath@toks=\toks39
\pgfmath@stack@operand=\toks40
\pgfmath@stack@operation=\toks41
)
(/usr/share/texlive/texmf-dist/tex/generic/pgf/math/pgfmathfunctions.code.tex
(/usr/share/texlive/texmf-dist/tex/generic/pgf/math/pgfmathfunctions.basic.code
.tex)
(/usr/share/texlive/texmf-dist/tex/generic/pgf/math/pgfmathfunctions.trigonomet
ric.code.tex)
(/usr/share/texlive/texmf-dist/tex/generic/pgf/math/pgfmathfunctions.random.cod
e.tex)
(/usr/share/texlive/texmf-dist/tex/generic/pgf/math/pgfmathfunctions.comparison
.code.tex)
(/usr/share/texlive/texmf-dist/tex/generic/pgf/math/pgfmathfunctions.base.code.
tex)
(/usr/share/texlive/texmf-dist/tex/generic/pgf/math/pgfmathfunctions.round.code
.tex)
(/usr/share/texlive/texmf-dist/tex/generic/pgf/math/pgfmathfunctions.misc.code.
tex)
(/usr/share/texlive/texmf-dist/tex/generic/pgf/math/pgfmathfunctions.integerari
thmetics.code.tex)))
(/usr/share/texlive/texmf-dist/tex/generic/pgf/math/pgfmathfloat.code.tex
\c@pgfmathroundto@lastzeros=\count324
))
(/usr/share/texlive/texmf-dist/tex/generic/pgf/math/pgfint.code.tex)
(/usr/share/texlive/texmf-dist/tex/generic/pgf/basiclayer/pgfcorepoints.code.te
x
File: pgfcorepoints.code.tex 2021/05/15 v3.1.9a (3.1.9a)
\pgf@picminx=\dimen258
\pgf@picmaxx=\dimen259
\pgf@picminy=\dimen260
\pgf@picmaxy=\dimen261
\pgf@pathminx=\dimen262
\pgf@pathmaxx=\dimen263
\pgf@pathminy=\dimen264
\pgf@pathmaxy=\dimen265
\pgf@xx=\dimen266
\pgf@xy=\dimen267
\pgf@yx=\dimen268
\pgf@yy=\dimen269
\pgf@zx=\dimen270
\pgf@zy=\dimen271
)
(/usr/share/texlive/texmf-dist/tex/generic/pgf/basiclayer/pgfcorepathconstruct.
code.tex
File: pgfcorepathconstruct.code.tex 2021/05/15 v3.1.9a (3.1.9a)
\pgf@path@lastx=\dimen272
\pgf@path@lasty=\dimen273
)
(/usr/share/texlive/texmf-dist/tex/generic/pgf/basiclayer/pgfcorepathusage.code
.tex
File: pgfcorepathusage.code.tex 2021/05/15 v3.1.9a (3.1.9a)
\pgf@shorten@end@additional=\dimen274
\pgf@shorten@start@additional=\dimen275
)
(/usr/share/texlive/texmf-dist/tex/generic/pgf/basiclayer/pgfcorescopes.code.te
x
File: pgfcorescopes.code.tex 2021/05/15 v3.1.9a (3.1.9a)
\pgfpic=\box63
\pgf@hbox=\box64
\pgf@layerbox@main=\box65
\pgf@picture@serial@count=\count325
)
(/usr/share/texlive/texmf-dist/tex/generic/pgf/basiclayer/pgfcoregraphicstate.c
ode.tex
File: pgfcoregraphicstate.code.tex 2021/05/15 v3.1.9a (3.1.9a)
\pgflinewidth=\dimen276
)
(/usr/share/texlive/texmf-dist/tex/generic/pgf/basiclayer/pgfcoretransformation
s.code.tex
File: pgfcoretransformations.code.tex 2021/05/15 v3.1.9a (3.1.9a)
\pgf@pt@x=\dimen277
\pgf@pt@y=\dimen278
\pgf@pt@temp=\dimen279
)
(/usr/share/texlive/texmf-dist/tex/generic/pgf/basiclayer/pgfcorequick.code.tex
File: pgfcorequick.code.tex 2021/05/15 v3.1.9a (3.1.9a)
)
(/usr/share/texlive/texmf-dist/tex/generic/pgf/basiclayer/pgfcoreobjects.code.t
ex
File: pgfcoreobjects.code.tex 2021/05/15 v3.1.9a (3.1.9a)
)
(/usr/share/texlive/texmf-dist/tex/generic/pgf/basiclayer/pgfcorepathprocessing
.code.tex
File: pgfcorepathprocessing.code.tex 2021/05/15 v3.1.9a (3.1.9a)
)
(/usr/share/texlive/texmf-dist/tex/generic/pgf/basiclayer/pgfcorearrows.code.te
x
File: pgfcorearrows.code.tex 2021/05/15 v3.1.9a (3.1.9a)
\pgfarrowsep=\dimen280
)
(/usr/share/texlive/texmf-dist/tex/generic/pgf/basiclayer/pgfcoreshade.code.tex
File: pgfcoreshade.code.tex 2021/05/15 v3.1.9a (3.1.9a)
\pgf@max=\dimen281
\pgf@sys@shading@range@num=\count326
\pgf@shadingcount=\count327
)
(/usr/share/texlive/texmf-dist/tex/generic/pgf/basiclayer/pgfcoreimage.code.tex
File: pgfcoreimage.code.tex 2021/05/15 v3.1.9a (3.1.9a)

(/usr/share/texlive/texmf-dist/tex/generic/pgf/basiclayer/pgfcoreexternal.code.
tex
File: pgfcoreexternal.code.tex 2021/05/15 v3.1.9a (3.1.9a)
\pgfexternal@startupbox=\box66
))
(/usr/share/texlive/texmf-dist/tex/generic/pgf/basiclayer/pgfcorelayers.code.te
x
File: pgfcorelayers.code.tex 2021/05/15 v3.1.9a (3.1.9a)
)
(/usr/share/texlive/texmf-dist/tex/generic/pgf/basiclayer/pgfcoretransparency.c
ode.tex
File: pgfcoretransparency.code.tex 2021/05/15 v3.1.9a (3.1.9a)
)
(/usr/share/texlive/texmf-dist/tex/generic/pgf/basiclayer/pgfcorepatterns.code.
tex
File: pgfcorepatterns.code.tex 2021/05/15 v3.1.9a (3.1.9a)
)
(/usr/share/texlive/texmf-dist/tex/generic/pgf/basiclayer/pgfcorerdf.code.tex
File: pgfcorerdf.code.tex 2021/05/15 v3.1.9a (3.1.9a)
)))
(/usr/share/texlive/texmf-dist/tex/generic/pgf/modules/pgfmoduleshapes.code.tex
File: pgfmoduleshapes.code.tex 2021/05/15 v3.1.9a (3.1.9a)
\pgfnodeparttextbox=\box67
) (/usr/share/texlive/texmf-dist/tex/generic/pgf/modules/pgfmoduleplot.code.tex
File: pgfmoduleplot.code.tex 2021/05/15 v3.1.9a (3.1.9a)
)
(/usr/share/texlive/texmf-dist/tex/latex/pgf/compatibility/pgfcomp-version-0-65
.sty
Package: pgfcomp-version-0-65 2021/05/15 v3.1.9a (3.1.9a)
\pgf@nodesepstart=\dimen282
\pgf@nodesepend=\dimen283
)
(/usr/share/texlive/texmf-dist/tex/latex/pgf/compatibility/pgfcomp-version-1-18
.sty
Package: pgfcomp-version-1-18 2021/05/15 v3.1.9a (3.1.9a)
)) (/usr/share/texlive/texmf-dist/tex/latex/pgf/utilities/pgffor.sty
(/usr/share/texlive/texmf-dist/tex/latex/pgf/utilities/pgfkeys.sty
(/usr/share/texlive/texmf-dist/tex/generic/pgf/utilities/pgfkeys.code.tex))
(/usr/share/texlive/texmf-dist/tex/latex/pgf/math/pgfmath.sty
(/usr/share/texlive/texmf-dist/tex/generic/pgf/math/pgfmath.code.tex))
(/usr/share/texlive/texmf-dist/tex/generic/pgf/utilities/pgffor.code.tex
Package: pgffor 2021/05/15 v3.1.9a (3.1.9a)

(/usr/share/texlive/texmf-dist/tex/generic/pgf/math/pgfmath.code.tex)
\pgffor@iter=\dimen284
\pgffor@skip=\dimen285
\pgffor@stack=\toks42
\pgffor@toks=\toks43
))
(/usr/share/texlive/texmf-dist/tex/generic/pgf/frontendlayer/tikz/tikz.code.tex
Package: tikz 2021/05/15 v3.1.9a (3.1.9a)

(/usr/share/texlive/texmf-dist/tex/generic/pgf/libraries/pgflibraryplothandlers
.code.tex
File: pgflibraryplothandlers.code.tex 2021/05/15 v3.1.9a (3.1.9a)
\pgf@plot@mark@count=\count328
\pgfplotmarksize=\dimen286
)
\tikz@lastx=\dimen287
\tikz@lasty=\dimen288
\tikz@lastxsaved=\dimen289
\tikz@lastysaved=\dimen290
\tikz@lastmovetox=\dimen291
\tikz@lastmovetoy=\dimen292
\tikzleveldistance=\dimen293
\tikzsiblingdistance=\dimen294
\tikz@figbox=\box68
\tikz@figbox@bg=\box69
\tikz@tempbox=\box70
\tikz@tempbox@bg=\box71
\tikztreelevel=\count329
\tikznumberofchildren=\count330
\tikznumberofcurrentchild=\count331
\tikz@fig@count=\count332

(/usr/share/texlive/texmf-dist/tex/generic/pgf/modules/pgfmodulematrix.code.tex
File: pgfmodulematrix.code.tex 2021/05/15 v3.1.9a (3.1.9a)
\pgfmatrixcurrentrow=\count333
\pgfmatrixcurrentcolumn=\count334
\pgf@matrix@numberofcolumns=\count335
)
\tikz@expandcount=\count336

(/usr/share/texlive/texmf-dist/tex/generic/pgf/frontendlayer/tikz/libraries/tik
zlibrarytopaths.code.tex
File: tikzlibrarytopaths.code.tex 2021/05/15 v3.1.9a (3.1.9a)
)))
(/usr/share/texlive/texmf-dist/tex/generic/pgf/frontendlayer/tikz/libraries/tik
zlibrarypositioning.code.tex
File: tikzlibrarypositioning.code.tex 2021/05/15 v3.1.9a (3.1.9a)
)
\c@@todonotes@numberoftodonotes=\count337
)
(/usr/share/texlive/texmf-dist/tex/latex/tools/xspace.sty
Package: xspace 2014/10/28 v1.13 Space after command names (DPC,MH)
)
(/usr/share/texlive/texmf-dist/tex/latex/hyperref/hyperref.sty
Package: hyperref 2021-06-07 v7.00m Hypertext links for LaTeX

(/usr/share/texlive/texmf-dist/tex/generic/kvdefinekeys/kvdefinekeys.sty
Package: kvdefinekeys 2019-12-19 v1.6 Define keys (HO)
)
(/usr/share/texlive/texmf-dist/tex/generic/pdfescape/pdfescape.sty
Package: pdfescape 2019/12/09 v1.15 Implements pdfTeX's escape features (HO)
)
(/usr/share/texlive/texmf-dist/tex/latex/hycolor/hycolor.sty
Package: hycolor 2020-01-27 v1.10 Color options for hyperref/bookmark (HO)
)
(/usr/share/texlive/texmf-dist/tex/latex/letltxmacro/letltxmacro.sty
Package: letltxmacro 2019/12/03 v1.6 Let assignment for LaTeX macros (HO)
)
(/usr/share/texlive/texmf-dist/tex/latex/auxhook/auxhook.sty
Package: auxhook 2019-12-17 v1.6 Hooks for auxiliary files (HO)
)
\@linkdim=\dimen295
\Hy@linkcounter=\count338
\Hy@pagecounter=\count339

(/usr/share/texlive/texmf-dist/tex/latex/hyperref/pd1enc.def
File: pd1enc.def 2021-06-07 v7.00m Hyperref: PDFDocEncoding definition (HO)
Now handling font encoding PD1 ...
... no UTF-8 mapping file for font encoding PD1
)
(/usr/share/texlive/texmf-dist/tex/latex/hyperref/hyperref-langpatches.def
File: hyperref-langpatches.def 2021-06-07 v7.00m Hyperref: patches for babel la
nguages
)
(/usr/share/texlive/texmf-dist/tex/generic/intcalc/intcalc.sty
Package: intcalc 2019/12/15 v1.3 Expandable calculations with integers (HO)
)
\Hy@SavedSpaceFactor=\count340

(/usr/share/texlive/texmf-dist/tex/latex/hyperref/puenc.def
File: puenc.def 2021-06-07 v7.00m Hyperref: PDF Unicode definition (HO)
Now handling font encoding PU ...
... no UTF-8 mapping file for font encoding PU
)
Package hyperref Info: Hyper figures OFF on input line 4192.
Package hyperref Info: Link nesting OFF on input line 4197.
Package hyperref Info: Hyper index ON on input line 4200.
Package hyperref Info: Plain pages OFF on input line 4207.
Package hyperref Info: Backreferencing OFF on input line 4212.
Package hyperref Info: Implicit mode ON; LaTeX internals redefined.
Package hyperref Info: Bookmarks ON on input line 4445.
\c@Hy@tempcnt=\count341
LaTeX Info: Redefining \url on input line 4804.
\XeTeXLinkMargin=\dimen296

(/usr/share/texlive/texmf-dist/tex/generic/bitset/bitset.sty
Package: bitset 2019/12/09 v1.3 Handle bit-vector datatype (HO)

(/usr/share/texlive/texmf-dist/tex/generic/bigintcalc/bigintcalc.sty
Package: bigintcalc 2019/12/15 v1.5 Expandable calculations on big integers (HO
)
))
\Fld@menulength=\count342
\Field@Width=\dimen297
\Fld@charsize=\dimen298
Package hyperref Info: Hyper figures OFF on input line 6076.
Package hyperref Info: Link nesting OFF on input line 6081.
Package hyperref Info: Hyper index ON on input line 6084.
Package hyperref Info: backreferencing OFF on input line 6091.
Package hyperref Info: Link coloring OFF on input line 6096.
Package hyperref Info: Link coloring with OCG OFF on input line 6101.
Package hyperref Info: PDF/A mode OFF on input line 6106.
LaTeX Info: Redefining \ref on input line 6146.
LaTeX Info: Redefining \pageref on input line 6150.

(/usr/share/texlive/texmf-dist/tex/latex/base/atbegshi-ltx.sty
Package: atbegshi-ltx 2021/01/10 v1.0c Emulation of the original atbegshi
package with kernel methods
)
\Hy@abspage=\count343
\c@Item=\count344
\c@Hfootnote=\count345
)
Package hyperref Info: Driver (autodetected): hpdftex.

(/usr/share/texlive/texmf-dist/tex/latex/hyperref/hpdftex.def
File: hpdftex.def 2021-06-07 v7.00m Hyperref driver for pdfTeX

(/usr/share/texlive/texmf-dist/tex/latex/base/atveryend-ltx.sty
Package: atveryend-ltx 2020/08/19 v1.0a Emulation of the original atveryend pac
kage
with kernel methods
)
\Fld@listcount=\count346
\c@bookmark@seq@number=\count347

(/usr/share/texlive/texmf-dist/tex/latex/rerunfilecheck/rerunfilecheck.sty
Package: rerunfilecheck 2019/12/05 v1.9 Rerun checks for auxiliary files (HO)

(/usr/share/texlive/texmf-dist/tex/generic/uniquecounter/uniquecounter.sty
Package: uniquecounter 2019/12/15 v1.4 Provide unlimited unique counter (HO)
)
Package uniquecounter Info: New unique counter `rerunfilecheck' on input line 2
86.
)
\Hy@SectionHShift=\skip60
)
(/usr/share/texlive/texmf-dist/tex/latex/algorithms/algorithm.sty
Package: algorithm 2009/08/24 v0.1 Document Style `algorithm' - floating enviro
nment
\@float@every@algorithm=\toks44
\c@algorithm=\count348
)
(/usr/share/texlive/texmf-dist/tex/latex/algorithmicx/algpseudocode.sty
Package: algpseudocode 

(/usr/share/texlive/texmf-dist/tex/latex/algorithmicx/algorithmicx.sty
Package: algorithmicx 2005/04/27 v1.2 Algorithmicx

Document Style algorithmicx 1.2 - a greatly improved `algorithmic' style
\c@ALG@line=\count349
\c@ALG@rem=\count350
\c@ALG@nested=\count351
\ALG@tlm=\skip61
\ALG@thistlm=\skip62
\c@ALG@Lnr=\count352
\c@ALG@blocknr=\count353
\c@ALG@storecount=\count354
\c@ALG@tmpcounter=\count355
\ALG@tmplength=\skip63
)
Document Style - pseudocode environments for use with the `algorithmicx' style
) (/usr/share/texlive/texmf-dist/tex/generic/dirtree/dirtree.sty
Package: dirtree 2012/12/11 v0.32 package wrapper for dirtree

(/usr/share/texlive/texmf-dist/tex/generic/dirtree/dirtree.tex
`dirtree' v0.32, 2012/12/11 (jcc)
\DT@offset=\dimen299
\DT@width=\dimen300
\DT@sep=\dimen301
\DT@all=\dimen302
\DT@rulewidth=\dimen303
\DT@dotwidth=\dimen304
\DTbaselineskip=\dimen305
\DT@counti=\count356
\DT@countii=\count357
\DT@countiii=\count358
\DT@countiv=\count359
\DT@indent=\dimen306
\DT@parskip=\dimen307
\DT@baselineskip=\dimen308
)
File: dirtree.tex 2012/12/11 v0.32 `dirtree' (jcc)
)
(/usr/share/texlive/texmf-dist/tex/latex/enumitem/enumitem.sty
Package: enumitem 2019/06/20 v3.9 Customized lists
\labelindent=\skip64
\enit@outerparindent=\dimen309
\enit@toks=\toks45
\enit@inbox=\box72
\enit@count@id=\count360
\enitdp@description=\count361
)
(/usr/share/texlive/texmf-dist/tex/latex/caption/subcaption.sty
Package: subcaption 2020/10/07 v1.3j Sub-captions (AR)

(/usr/share/texlive/texmf-dist/tex/latex/caption/caption.sty
Package: caption 2020/10/26 v3.5g Customizing captions (AR)

(/usr/share/texlive/texmf-dist/tex/latex/caption/caption3.sty
Package: caption3 2020/10/21 v2.2e caption3 kernel (AR)
\captionmargin=\dimen310
\captionmargin@=\dimen311
\captionwidth=\dimen312
\caption@tempdima=\dimen313
\caption@indent=\dimen314
\caption@parindent=\dimen315
\caption@hangindent=\dimen316
Package caption Info: thesis document class detected.

(/usr/share/texlive/texmf-dist/tex/latex/caption/caption-thesis.sto
File: caption-thesis.sto 2020/08/22 v2.0 Adaption of the caption package to the
 thesis document class (AR)
))
\c@caption@flags=\count362
\c@continuedfloat=\count363
Package caption Info: float package is loaded.
Package caption Info: hyperref package is loaded.
)
\c@subfigure=\count364
\c@subtable=\count365
)
(/usr/share/texlive/texmf-dist/tex/generic/pgf/libraries/pgflibraryarrows.meta.
code.tex
File: pgflibraryarrows.meta.code.tex 2021/05/15 v3.1.9a (3.1.9a)
\pgfarrowinset=\dimen317
\pgfarrowlength=\dimen318
\pgfarrowwidth=\dimen319
\pgfarrowlinewidth=\dimen320
)
\c@prop=\count366
runsystem(which pygmentize && touch tesis.aex)...executed.

runsystem(rm tesis.aex)...executed.


(/usr/share/texlive/texmf-dist/tex/latex/l3backend/l3backend-pdftex.def
File: l3backend-pdftex.def 2022-01-12 L3 backend support: PDF output (pdfTeX)
\l__color_backend_stack_int=\count367
\l__pdf_internal_box=\box73
)
(./tesis.aux
LaTeX Info: Redefining \. on input line 25.
LaTeX Info: Redefining \% on input line 25.
 (./secciones/introduccion.aux)
(./secciones/primitivas_criptograficas.aux) (./secciones/proving_systems.aux)
(./secciones/pcs.aux) (./secciones/problema_a_resolver.aux)
(./secciones/noir.aux) (./secciones/plonky2.aux) (./secciones/noirky2.aux))
\openout1 = `tesis.aux'.

LaTeX Font Info:    Checking defaults for OML/cmm/m/it on input line 29.
LaTeX Font Info:    ... okay on input line 29.
LaTeX Font Info:    Checking defaults for OMS/cmsy/m/n on input line 29.
LaTeX Font Info:    ... okay on input line 29.
LaTeX Font Info:    Checking defaults for OT1/cmr/m/n on input line 29.
LaTeX Font Info:    ... okay on input line 29.
LaTeX Font Info:    Checking defaults for T1/cmr/m/n on input line 29.
LaTeX Font Info:    ... okay on input line 29.
LaTeX Font Info:    Checking defaults for TS1/cmr/m/n on input line 29.
LaTeX Font Info:    ... okay on input line 29.
LaTeX Font Info:    Checking defaults for OMX/cmex/m/n on input line 29.
LaTeX Font Info:    ... okay on input line 29.
LaTeX Font Info:    Checking defaults for U/cmr/m/n on input line 29.
LaTeX Font Info:    ... okay on input line 29.
LaTeX Font Info:    Checking defaults for PD1/pdf/m/n on input line 29.
LaTeX Font Info:    ... okay on input line 29.
LaTeX Font Info:    Checking defaults for PU/pdf/m/n on input line 29.
LaTeX Font Info:    ... okay on input line 29.

(/usr/share/texlive/texmf-dist/tex/context/base/mkii/supp-pdf.mkii
[Loading MPS to PDF converter (version 2006.09.02).]
\scratchcounter=\count368
\scratchdimen=\dimen321
\scratchbox=\box74
\nofMPsegments=\count369
\nofMParguments=\count370
\everyMPshowfont=\toks46
\MPscratchCnt=\count371
\MPscratchDim=\dimen322
\MPnumerator=\count372
\makeMPintoPDFobject=\count373
\everyMPtoPDFconversion=\toks47
) (/usr/share/texlive/texmf-dist/tex/latex/epstopdf-pkg/epstopdf-base.sty
Package: epstopdf-base 2020-01-24 v2.11 Base part for package epstopdf
Package epstopdf-base Info: Redefining graphics rule for `.eps' on input line 4
85.

(/usr/share/texlive/texmf-dist/tex/latex/latexconfig/epstopdf-sys.cfg
File: epstopdf-sys.cfg 2010/07/13 v1.3 Configuration of (r)epstopdf for TeX Liv
e
))
LaTeX Info: Redefining \. on input line 29.
LaTeX Info: Redefining \% on input line 29.

*geometry* driver: auto-detecting
*geometry* detected driver: pdftex
*geometry* verbose mode - [ preamble ] result:
* driver: pdftex
* paper: a4paper
* layout: <same size as paper>
* layoutoffset:(h,v)=(0.0pt,0.0pt)
* modes: 
* h-part:(L,W,R)=(85.35826pt, 426.79135pt, 85.35826pt)
* v-part:(T,H,B)=(99.58464pt, 645.87756pt, 99.58464pt)
* \paperwidth=597.50787pt
* \paperheight=845.04684pt
* \textwidth=426.79135pt
* \textheight=645.87756pt
* \oddsidemargin=13.08827pt
* \evensidemargin=13.08827pt
* \topmargin=-4.55914pt
* \headheight=12.0pt
* \headsep=19.8738pt
* \topskip=11.0pt
* \footskip=27.46295pt
* \marginparwidth=53.0pt
* \marginparsep=7.0pt
* \columnsep=10.0pt
* \skip\footins=10.0pt plus 4.0pt minus 2.0pt
* \hoffset=0.0pt
* \voffset=0.0pt
* \mag=1000
* \@twocolumnfalse
* \@twosidefalse
* \@mparswitchfalse
* \@reversemarginfalse
* (1in=72.27pt=25.4mm, 1cm=28.453pt)


Package todonotes Warning: The length marginparwidth is less than 2cm and will 
most likely cause issues with the appearance of inserted todonotes. The issue c
an be solved by adding a line like \setlength {\marginparwidth }{2cm} prior to 
loading the todonotes package. on input line 29.

Package hyperref Info: Link coloring OFF on input line 29.
(/usr/share/texlive/texmf-dist/tex/latex/hyperref/nameref.sty
Package: nameref 2021-04-02 v2.47 Cross-referencing by name of section

(/usr/share/texlive/texmf-dist/tex/latex/refcount/refcount.sty
Package: refcount 2019/12/15 v3.6 Data extraction from label references (HO)
)
(/usr/share/texlive/texmf-dist/tex/generic/gettitlestring/gettitlestring.sty
Package: gettitlestring 2019/12/15 v1.6 Cleanup title references (HO)
)
\c@section@level=\count374
)
LaTeX Info: Redefining \ref on input line 29.
LaTeX Info: Redefining \pageref on input line 29.
LaTeX Info: Redefining \nameref on input line 29.

(./tesis.out) (./tesis.out)
\@outlinefile=\write6
\openout6 = `tesis.out'.

Package caption Info: Begin \AtBeginDocument code.
Package caption Info: End \AtBeginDocument code.
 (./caratula.tex
LaTeX Font Info:    Trying to load font information for U+msa on input line 9.

(/usr/share/texlive/texmf-dist/tex/latex/amsfonts/umsa.fd
File: umsa.fd 2013/01/14 v3.01 AMS symbols A
)
LaTeX Font Info:    Trying to load font information for U+msb on input line 9.

(/usr/share/texlive/texmf-dist/tex/latex/amsfonts/umsb.fd
File: umsb.fd 2013/01/14 v3.01 AMS symbols B
)
<logofcen.pdf, id=280, 108.405pt x 108.405pt>
File: logofcen.pdf Graphic file (type pdf)
<use logofcen.pdf>
Package pdftex.def Info: logofcen.pdf  used on input line 10.
(pdftex.def)             Requested size: 73.97733pt x 73.98073pt.
 [1

{/var/lib/texmf/fonts/map/pdftex/updmap/pdftex.map} <./logofcen.pdf>]) (./abs_e
sp.tex) [1


]
(./tesis.toc
LaTeX Info: Redefining \. on input line 1.
LaTeX Info: Redefining \% on input line 1.
 [2

])
\tf@toc=\write7
\openout7 = `tesis.toc'.

 [3]pdfTeX warning (ext4): destination with the same identifier (name{page.1}) 
has been already used, duplicate ignored
<to be read again> 
                   \relax 
l.60 \part{Introducción}
                          [1


]
\openout2 = `secciones/introduccion.aux'.

 (./secciones/introduccion.tex) [2

] [3]
\openout2 = `secciones/primitivas_criptograficas.aux'.


(./secciones/primitivas_criptograficas.tex
Cap\'{\i }tulo 1.
[4




]
LaTeX Info: Redefining \. on input line 74.
LaTeX Info: Redefining \% on input line 74.
 [5]
LaTeX Info: Redefining \. on input line 121.
LaTeX Info: Redefining \% on input line 121.
 [6]
LaTeX Info: Redefining \. on input line 153.
LaTeX Info: Redefining \% on input line 153.
 [7]
LaTeX Info: Redefining \. on input line 169.
LaTeX Info: Redefining \% on input line 169.
 [8]
LaTeX Info: Redefining \. on input line 198.
LaTeX Info: Redefining \% on input line 198.
 [9]
<imagenes/intuicion_shwartz_zippel.png, id=469, 509.905pt x 500.87125pt>
File: imagenes/intuicion_shwartz_zippel.png Graphic file (type png)
<use imagenes/intuicion_shwartz_zippel.png>
Package pdftex.def Info: imagenes/intuicion_shwartz_zippel.png  used on input l
ine 217.
(pdftex.def)             Requested size: 213.39568pt x 209.6155pt.


LaTeX Warning: `!h' float specifier changed to `!ht'.

<imagenes/curvas elipticas de ejemplo.png, id=472, 1393.205pt x 620.3175pt>
File: imagenes/curvas elipticas de ejemplo.png Graphic file (type png)
<use imagenes/curvas elipticas de ejemplo.png>
Package pdftex.def Info: imagenes/curvas elipticas de ejemplo.png  used on inpu
t line 230.
(pdftex.def)             Requested size: 213.39568pt x 95.01237pt.
LaTeX Info: Redefining \. on input line 233.
LaTeX Info: Redefining \% on input line 233.
[10]
<imagenes/elliptic_curve_addition.png, id=481, 1134.2375pt x 917.4275pt>
File: imagenes/elliptic_curve_addition.png Graphic file (type png)
<use imagenes/elliptic_curve_addition.png>
Package pdftex.def Info: imagenes/elliptic_curve_addition.png  used on input li
ne 244.
(pdftex.def)             Requested size: 213.39568pt x 172.59119pt.
<imagenes/suma tangente curva eliptica.png, id=483, 1134.2375pt x 917.4275pt>
File: imagenes/suma tangente curva eliptica.png Graphic file (type png)
<use imagenes/suma tangente curva eliptica.png>
Package pdftex.def Info: imagenes/suma tangente curva eliptica.png  used on inp
ut line 253.
(pdftex.def)             Requested size: 213.39568pt x 172.59119pt.
LaTeX Info: Redefining \. on input line 259.
LaTeX Info: Redefining \% on input line 259.
 [11 <./imagenes/intuicion_shwartz_zippel.png> <./imagenes/curvas elipticas de 
ejemplo.png>]
LaTeX Info: Redefining \. on input line 259.
LaTeX Info: Redefining \% on input line 259.
 [12 <./imagenes/elliptic_curve_addition.png> <./imagenes/suma tangente curva e
liptica.png>]
LaTeX Info: Redefining \. on input line 298.
LaTeX Info: Redefining \% on input line 298.
 [13]
<imagenes/curva eliptica Fp.png, id=507, 467.7475pt x 402.50375pt>
File: imagenes/curva eliptica Fp.png Graphic file (type png)
<use imagenes/curva eliptica Fp.png>
Package pdftex.def Info: imagenes/curva eliptica Fp.png  used on input line 306
.
(pdftex.def)             Requested size: 213.39568pt x 183.63083pt.
Package hyperref Info: bookmark level for unknown algorithm defaults to 0 on in
put line 315.
LaTeX Info: Redefining \. on input line 347.
LaTeX Info: Redefining \% on input line 347.
 [14 <./imagenes/curva eliptica Fp.png>]
LaTeX Info: Redefining \. on input line 359.
LaTeX Info: Redefining \% on input line 359.

[15])
LaTeX Info: Redefining \. on input line 62.
LaTeX Info: Redefining \% on input line 62.
 [16]
\openout2 = `secciones/proving_systems.aux'.

 (./secciones/proving_systems.tex
Cap\'{\i }tulo 2.
[17




]
LaTeX Info: Redefining \. on input line 49.
LaTeX Info: Redefining \% on input line 49.
 [18]
LaTeX Info: Redefining \. on input line 64.
LaTeX Info: Redefining \% on input line 64.
 [19]
LaTeX Info: Redefining \. on input line 84.
LaTeX Info: Redefining \% on input line 84.
 [20]
LaTeX Info: Redefining \. on input line 110.
LaTeX Info: Redefining \% on input line 110.
 [21]
<imagenes/Circuito Plonk.jpg, id=571, 675.52374pt x 1489.565pt>
File: imagenes/Circuito Plonk.jpg Graphic file (type jpg)
<use imagenes/Circuito Plonk.jpg>
Package pdftex.def Info: imagenes/Circuito Plonk.jpg  used on input line 129.
(pdftex.def)             Requested size: 140.84192pt x 310.545pt.

Underfull \hbox (badness 4229) in paragraph at lines 130--130
\OT1/cmr/m/n/10 cir-cui-to del pro-gra-ma de
 []

<imagenes/circuito plonk valores.jpg, id=572, 652.4375pt x 1542.76375pt>
File: imagenes/circuito plonk valores.jpg Graphic file (type jpg)
<use imagenes/circuito plonk valores.jpg>
Package pdftex.def Info: imagenes/circuito plonk valores.jpg  used on input lin
e 136.
(pdftex.def)             Requested size: 128.0387pt x 302.75629pt.

LaTeX Warning: `!h' float specifier changed to `!ht'.

LaTeX Info: Redefining \. on input line 162.
LaTeX Info: Redefining \% on input line 162.
[22]
LaTeX Info: Redefining \. on input line 170.
LaTeX Info: Redefining \% on input line 170.
 [23 <./imagenes/Circuito Plonk.jpg> <./imagenes/circuito plonk valores.jpg>]

LaTeX Warning: `!h' float specifier changed to `!ht'.

LaTeX Info: Redefining \. on input line 240.
LaTeX Info: Redefining \% on input line 240.
[24]
LaTeX Info: Redefining \. on input line 331.
LaTeX Info: Redefining \% on input line 331.
 [25]
LaTeX Info: Redefining \. on input line 387.
LaTeX Info: Redefining \% on input line 387.
 [26]
Overfull \hbox (12.30077pt too wide) in paragraph at lines 393--400
 [][] 
 []

LaTeX Info: Redefining \. on input line 518.
LaTeX Info: Redefining \% on input line 518.
[27]
LaTeX Info: Redefining \. on input line 546.
LaTeX Info: Redefining \% on input line 546.
 [28]
Overfull \hbox (6.54724pt too wide) detected at line 570
[]
 []

LaTeX Info: Redefining \. on input line 573.
LaTeX Info: Redefining \% on input line 573.
[29]
LaTeX Info: Redefining \. on input line 626.
LaTeX Info: Redefining \% on input line 626.
 [30]
LaTeX Info: Redefining \. on input line 648.
LaTeX Info: Redefining \% on input line 648.
 [31]
LaTeX Info: Redefining \. on input line 669.
LaTeX Info: Redefining \% on input line 669.
 [32]
LaTeX Info: Redefining \. on input line 700.
LaTeX Info: Redefining \% on input line 700.
 [33])
LaTeX Info: Redefining \. on input line 63.
LaTeX Info: Redefining \% on input line 63.
 [34]
\openout2 = `secciones/pcs.aux'.

 (./secciones/pcs.tex
Cap\'{\i }tulo 3.
[35




]
LaTeX Info: Redefining \. on input line 51.
LaTeX Info: Redefining \% on input line 51.
 [36]
LaTeX Info: Redefining \. on input line 81.
LaTeX Info: Redefining \% on input line 81.
 [37]
LaTeX Info: Redefining \. on input line 126.
LaTeX Info: Redefining \% on input line 126.
 [38]
LaTeX Info: Redefining \. on input line 166.
LaTeX Info: Redefining \% on input line 166.
 [39]
LaTeX Info: Redefining \. on input line 213.
LaTeX Info: Redefining \% on input line 213.
 [40]
LaTeX Info: Redefining \. on input line 235.
LaTeX Info: Redefining \% on input line 235.
 [41])
LaTeX Info: Redefining \. on input line 64.
LaTeX Info: Redefining \% on input line 64.
 [42]
\openout2 = `secciones/problema_a_resolver.aux'.

 (./secciones/problema_a_resolver.tex
Cap\'{\i }tulo 4.
) [43




] [44



]
\openout2 = `secciones/noir.aux'.

 (./secciones/noir.tex
Cap\'{\i }tulo 5.

Overfull \hbox (35.72572pt too wide) in paragraph at lines 6--7
[]\OT1/cmr/m/n/10.95 Despu^^Ses te-ne-mos que crear un nue-vo pro-yec-to con el
 co-man-do \OT1/cmtt/m/n/10.95 nargo new nombre[]proyecto\OT1/cmr/m/n/10.95 .
 []

[45


]
LaTeX Info: Redefining \. on input line 82.
LaTeX Info: Redefining \% on input line 82.
 [46]
Overfull \hbox (12.89726pt too wide) in paragraph at lines 114--115
[]\OT1/cmr/m/n/10.95 Como men-cio-na-mos pre-via-men-te, el \OT1/cmr/m/it/10.95
 Abs-tract Cir-cuit In-ter-me-dia-te Re-pre-sen-ta-tion \OT1/cmr/m/n/10.95 (ACI
R)
 []

LaTeX Info: Redefining \. on input line 115.
LaTeX Info: Redefining \% on input line 115.
[47]
LaTeX Info: Redefining \. on input line 140.
LaTeX Info: Redefining \% on input line 140.
 [48]
LaTeX Info: Redefining \. on input line 173.
LaTeX Info: Redefining \% on input line 173.
 [49]
LaTeX Info: Redefining \. on input line 234.
LaTeX Info: Redefining \% on input line 234.
 [50]

LaTeX Warning: `!h' float specifier changed to `!ht'.

LaTeX Info: Redefining \. on input line 271.
LaTeX Info: Redefining \% on input line 271.
[51]
LaTeX Info: Redefining \. on input line 308.
LaTeX Info: Redefining \% on input line 308.
 [52])
LaTeX Info: Redefining \. on input line 68.
LaTeX Info: Redefining \% on input line 68.
 [53]
\openout2 = `secciones/plonky2.aux'.

 (./secciones/plonky2.tex
Cap\'{\i }tulo 6.
Package hyperref Info: bookmark level for unknown listing defaults to 0 on inpu
t line 13.
\openout3 = `tesis.pyg'.

(./_minted-tesis/default.pygstyle)
(./_minted-tesis/D7BC4F003E5728FCC36B4F3FE2ABCEC7F60ADD3DF8C2F6878B0A64E77CC2A2
1B.pygtex
LaTeX Font Info:    Font shape `OT1/cmtt/bx/n' in size <10.95> not available
(Font)              Font shape `OT1/cmtt/m/n' tried instead on input line 2.
)
Overfull \hbox (11.31088pt too wide) in paragraph at lines 52--54
\OT1/cmr/m/n/10.95 cui-to. En es-te ca-so es-ta-mos to-man-do una con-fi-gu-ra-
ci^^Son de-fault \OT1/cmtt/m/n/10.95 standard[]recursion[]config\OT1/cmr/m/n/10
.95 .
 []

[54




]
LaTeX Info: Redefining \. on input line 63.
LaTeX Info: Redefining \% on input line 63.
 [55]
LaTeX Info: Redefining \. on input line 92.
LaTeX Info: Redefining \% on input line 92.
 [56])
LaTeX Info: Redefining \. on input line 69.
LaTeX Info: Redefining \% on input line 69.
 [57]
\openout2 = `secciones/noirky2.aux'.

 (./secciones/noirky2.tex
Cap\'{\i }tulo 7.
[58




]
LaTeX Info: Redefining \. on input line 62.
LaTeX Info: Redefining \% on input line 62.
 [59]
LaTeX Info: Redefining \. on input line 81.
LaTeX Info: Redefining \% on input line 81.
 [60]
LaTeX Info: Redefining \. on input line 112.
LaTeX Info: Redefining \% on input line 112.
 [61]
LaTeX Info: Redefining \. on input line 145.
LaTeX Info: Redefining \% on input line 145.
 [62]
<imagenes/circuito_assert_zero.jpg, id=918, 758.835pt x 1325.95375pt>
File: imagenes/circuito_assert_zero.jpg Graphic file (type jpg)
<use imagenes/circuito_assert_zero.jpg>
Package pdftex.def Info: imagenes/circuito_assert_zero.jpg  used on input line 
162.
(pdftex.def)             Requested size: 192.0548pt x 335.57457pt.

Overfull \hbox (4.00479pt too wide) in paragraph at lines 202--203
[]\OT1/cmr/m/n/10.95 La es-tra-te-gia va a ser co-mo si-gue: as^^S^^P co-mo ten
^^S^^Pamos un dic-cio-na-rio \OT1/cmtt/m/n/10.95 witness[]target[]map
 []

LaTeX Info: Redefining \. on input line 205.
LaTeX Info: Redefining \% on input line 205.
[63]
LaTeX Info: Redefining \. on input line 205.
LaTeX Info: Redefining \% on input line 205.
 [64 <./imagenes/circuito_assert_zero.jpg>]
LaTeX Info: Redefining \. on input line 277.
LaTeX Info: Redefining \% on input line 277.
 [65]
LaTeX Info: Redefining \. on input line 307.
LaTeX Info: Redefining \% on input line 307.
 [66]
LaTeX Info: Redefining \. on input line 344.
LaTeX Info: Redefining \% on input line 344.
 [67]
Underfull \hbox (badness 10000) in paragraph at lines 411--412
[] \OT1/cmtt/m/n/10.95 let new[]target[]i = builder.conditional[]assign(is[]cur
rent[]position,
 []

LaTeX Info: Redefining \. on input line 418.
LaTeX Info: Redefining \% on input line 418.
[68]
Overfull \hbox (37.0281pt too wide) in paragraph at lines 420--421
[]\OT1/cmr/m/n/10.95 La pri-me-ra Black-Box Fun-ction que va-mos a ana-li-zar v
a a ser \OT1/cmtt/m/n/10.95 BlackBoxFunction::RangeCheck\OT1/cmr/m/n/10.95 .
 []

LaTeX Info: Redefining \. on input line 436.
LaTeX Info: Redefining \% on input line 436.
[69]
LaTeX Info: Redefining \. on input line 467.
LaTeX Info: Redefining \% on input line 467.
 [70]
LaTeX Info: Redefining \. on input line 503.
LaTeX Info: Redefining \% on input line 503.
 [71]
Overfull \hbox (10.07672pt too wide) in paragraph at lines 520--521
[]\OT1/cmr/m/n/10.95 La for-ma de tra-du-cir la ope-ra-cio-nes \OT1/cmtt/m/n/10
.95 BlackBoxFunction::AND \OT1/cmr/m/n/10.95 y \OT1/cmtt/m/n/10.95 BlackBoxFunc
tion::XOR
 []

LaTeX Info: Redefining \. on input line 523.
LaTeX Info: Redefining \% on input line 523.
[72]
LaTeX Info: Redefining \. on input line 564.
LaTeX Info: Redefining \% on input line 564.
 [73]
LaTeX Info: Redefining \. on input line 601.
LaTeX Info: Redefining \% on input line 601.
 [74])
LaTeX Info: Redefining \. on input line 70.
LaTeX Info: Redefining \% on input line 70.
 [75]
Cap\'{\i }tulo 8.
[76



]
\openout3 = `tesis.pyg'.


(./_minted-tesis/917945C5277FB7668C1B3891C48618C5F60ADD3DF8C2F6878B0A64E77CC2A2
1B.pygtex)

Package caption Warning: The option `hypcap=true' will be ignored for this
(caption)                particular \caption on input line 122.
See the caption package documentation for explanation.

LaTeX Info: Redefining \. on input line 125.
LaTeX Info: Redefining \% on input line 125.
[77]
\openout3 = `tesis.pyg'.


(./_minted-tesis/AE304670147583AB7AFCAC14178C9CB0F60ADD3DF8C2F6878B0A64E77CC2A2
1B.pygtex)
LaTeX Info: Redefining \. on input line 164.
LaTeX Info: Redefining \% on input line 164.
 [78]
\openout3 = `tesis.pyg'.


(./_minted-tesis/58AC42798844EC6DBC8E5D4100DEE629F60ADD3DF8C2F6878B0A64E77CC2A2
1B.pygtex)
\openout3 = `tesis.pyg'.


(./_minted-tesis/F9B5DD90CAEE970E2F1B3A667D0466D6F60ADD3DF8C2F6878B0A64E77CC2A2
1B.pygtex)
LaTeX Info: Redefining \. on input line 198.
LaTeX Info: Redefining \% on input line 198.
 [79]
\openout3 = `tesis.pyg'.


(./_minted-tesis/B94DD775EBC5CA846F8F1C745892893AF60ADD3DF8C2F6878B0A64E77CC2A2
1B.pygtex)
LaTeX Info: Redefining \. on input line 229.
LaTeX Info: Redefining \% on input line 229.
 [80]
LaTeX Info: Redefining \. on input line 256.
LaTeX Info: Redefining \% on input line 256.
 [81]
LaTeX Info: Redefining \. on input line 262.
LaTeX Info: Redefining \% on input line 262.
 [82] [83

]

Package hyperref Warning: Difference (2) between bookmark levels is greater 
(hyperref)                than one, level fixed on input line 292.

<imagenes/tiempos/prove-Xor-u8.png, id=1087, 433.62pt x 433.62pt>
File: imagenes/tiempos/prove-Xor-u8.png Graphic file (type png)
<use imagenes/tiempos/prove-Xor-u8.png>
Package pdftex.def Info: imagenes/tiempos/prove-Xor-u8.png  used on input line 
302.
(pdftex.def)             Requested size: 256.07741pt x 256.09163pt.
[84]
<imagenes/tiempos/write_vk-Xor-u8.png, id=1098, 433.62pt x 433.62pt>
File: imagenes/tiempos/write_vk-Xor-u8.png Graphic file (type png)
<use imagenes/tiempos/write_vk-Xor-u8.png>
Package pdftex.def Info: imagenes/tiempos/write_vk-Xor-u8.png  used on input li
ne 313.
(pdftex.def)             Requested size: 256.07741pt x 256.09163pt.
<imagenes/tiempos/prove-vs-vk-AssertZero-Noirky2.png, id=1100, 433.62pt x 433.6
2pt>
File: imagenes/tiempos/prove-vs-vk-AssertZero-Noirky2.png Graphic file (type pn
g)
<use imagenes/tiempos/prove-vs-vk-AssertZero-Noirky2.png>
Package pdftex.def Info: imagenes/tiempos/prove-vs-vk-AssertZero-Noirky2.png  u
sed on input line 325.
(pdftex.def)             Requested size: 256.07741pt x 256.09163pt.
 [85 <./imagenes/tiempos/prove-Xor-u8.png>] [86 <./imagenes/tiempos/write_vk-Xo
r-u8.png> <./imagenes/tiempos/prove-vs-vk-AssertZero-Noirky2.png>]
<imagenes/tiempos/verify-Assert Zero.png, id=1121, 433.62pt x 433.62pt>
File: imagenes/tiempos/verify-Assert Zero.png Graphic file (type png)
<use imagenes/tiempos/verify-Assert Zero.png>
Package pdftex.def Info: imagenes/tiempos/verify-Assert Zero.png  used on input
 line 342.
(pdftex.def)             Requested size: 256.07741pt x 256.09163pt.


Package hyperref Warning: Difference (2) between bookmark levels is greater 
(hyperref)                than one, level fixed on input line 353.

[87 <./imagenes/tiempos/verify-Assert Zero.png>]
<imagenes/tiempos/prove-Assert Zero-log.png, id=1133, 433.62pt x 433.62pt>
File: imagenes/tiempos/prove-Assert Zero-log.png Graphic file (type png)
<use imagenes/tiempos/prove-Assert Zero-log.png>
Package pdftex.def Info: imagenes/tiempos/prove-Assert Zero-log.png  used on in
put line 366.
(pdftex.def)             Requested size: 209.1301pt x 209.13432pt.
<imagenes/tiempos/prove-Assert Zero.png, id=1134, 433.62pt x 433.62pt>
File: imagenes/tiempos/prove-Assert Zero.png Graphic file (type png)
<use imagenes/tiempos/prove-Assert Zero.png>
Package pdftex.def Info: imagenes/tiempos/prove-Assert Zero.png  used on input 
line 373.
(pdftex.def)             Requested size: 209.1301pt x 209.13432pt.
 [88 <./imagenes/tiempos/prove-Assert Zero-log.png> <./imagenes/tiempos/prove-A
ssert Zero.png>]
<imagenes/tiempos/prove-AssertZero-vs-mem-Noirky2.png, id=1145, 433.62pt x 433.
62pt>
File: imagenes/tiempos/prove-AssertZero-vs-mem-Noirky2.png Graphic file (type p
ng)
<use imagenes/tiempos/prove-AssertZero-vs-mem-Noirky2.png>
Package pdftex.def Info: imagenes/tiempos/prove-AssertZero-vs-mem-Noirky2.png  
used on input line 392.
(pdftex.def)             Requested size: 192.0548pt x 192.05714pt.
<imagenes/tiempos/prove-AssertZero-vs-mem-Barretenberg.png, id=1146, 433.62pt x
 433.62pt>
File: imagenes/tiempos/prove-AssertZero-vs-mem-Barretenberg.png Graphic file (t
ype png)
<use imagenes/tiempos/prove-AssertZero-vs-mem-Barretenberg.png>
Package pdftex.def Info: imagenes/tiempos/prove-AssertZero-vs-mem-Barretenberg.
png  used on input line 399.
(pdftex.def)             Requested size: 192.0548pt x 192.05714pt.
<imagenes/tiempos/prove-Memoria (varía operaciones).png, id=1150, 433.62pt x 4
33.62pt>
File: imagenes/tiempos/prove-Memoria (varía operaciones).png Graphic file (typ
e png)
<use imagenes/tiempos/prove-Memoria (varía operaciones).png>
Package pdftex.def Info: imagenes/tiempos/prove-Memoria (varía operaciones).pn
g  used on input line 411.
(pdftex.def)             Requested size: 256.07741pt x 256.09163pt.


LaTeX Warning: `!h' float specifier changed to `!ht'.

[89 <./imagenes/tiempos/prove-AssertZero-vs-mem-Noirky2.png> <./imagenes/tiempo
s/prove-AssertZero-vs-mem-Barretenberg.png>]
<imagenes/tiempos/prove-Range-u8-table-vs-bits.png, id=1161, 433.62pt x 433.62p
t>
File: imagenes/tiempos/prove-Range-u8-table-vs-bits.png Graphic file (type png)

<use imagenes/tiempos/prove-Range-u8-table-vs-bits.png>
Package pdftex.def Info: imagenes/tiempos/prove-Range-u8-table-vs-bits.png  use
d on input line 427.
(pdftex.def)             Requested size: 256.07741pt x 256.09163pt.
 [90 <./imagenes/tiempos/prove-Memoria (varía operaciones).png> <./imagenes/ti
empos/prove-Range-u8-table-vs-bits.png>]
<imagenes/tiempos/prove-Range-u16-Noirky2-vs-Barretenberg.png, id=1173, 433.62p
t x 433.62pt>
File: imagenes/tiempos/prove-Range-u16-Noirky2-vs-Barretenberg.png Graphic file
 (type png)
<use imagenes/tiempos/prove-Range-u16-Noirky2-vs-Barretenberg.png>
Package pdftex.def Info: imagenes/tiempos/prove-Range-u16-Noirky2-vs-Barretenbe
rg.png  used on input line 436.
(pdftex.def)             Requested size: 256.07741pt x 256.09163pt.
<imagenes/tiempos/prove-Xor-u16-Noirky2-vs-Barretenberg.png, id=1178, 433.62pt 
x 433.62pt>
File: imagenes/tiempos/prove-Xor-u16-Noirky2-vs-Barretenberg.png Graphic file (
type png)
<use imagenes/tiempos/prove-Xor-u16-Noirky2-vs-Barretenberg.png>
Package pdftex.def Info: imagenes/tiempos/prove-Xor-u16-Noirky2-vs-Barretenberg
.png  used on input line 449.
(pdftex.def)             Requested size: 256.07741pt x 256.09163pt.


LaTeX Warning: `!h' float specifier changed to `!ht'.

[91 <./imagenes/tiempos/prove-Range-u16-Noirky2-vs-Barretenberg.png>]
<imagenes/tiempos/prove-Xor-Noirky2-bits.png, id=1189, 433.62pt x 433.62pt>
File: imagenes/tiempos/prove-Xor-Noirky2-bits.png Graphic file (type png)
<use imagenes/tiempos/prove-Xor-Noirky2-bits.png>
Package pdftex.def Info: imagenes/tiempos/prove-Xor-Noirky2-bits.png  used on i
nput line 459.
(pdftex.def)             Requested size: 256.07741pt x 256.09163pt.


LaTeX Warning: `!h' float specifier changed to `!ht'.

<imagenes/tamanios/tamanio-write_vk-Assert Zero.png, id=1192, 433.62pt x 433.62
pt>
File: imagenes/tamanios/tamanio-write_vk-Assert Zero.png Graphic file (type png
)
<use imagenes/tamanios/tamanio-write_vk-Assert Zero.png>
Package pdftex.def Info: imagenes/tamanios/tamanio-write_vk-Assert Zero.png  us
ed on input line 474.
(pdftex.def)             Requested size: 256.07741pt x 256.09163pt.

LaTeX Warning: `!h' float specifier changed to `!ht'.

<imagenes/tamanios/tamanio-write_vk-Xor-u8.png, id=1195, 433.62pt x 433.62pt>
File: imagenes/tamanios/tamanio-write_vk-Xor-u8.png Graphic file (type png)
<use imagenes/tamanios/tamanio-write_vk-Xor-u8.png>
Package pdftex.def Info: imagenes/tamanios/tamanio-write_vk-Xor-u8.png  used on
 input line 483.
(pdftex.def)             Requested size: 256.07741pt x 256.09163pt.
[92 <./imagenes/tiempos/prove-Xor-u16-Noirky2-vs-Barretenberg.png>]

LaTeX Warning: `!h' float specifier changed to `!ht'.

[93 <./imagenes/tiempos/prove-Xor-Noirky2-bits.png> <./imagenes/tamanios/tamani
o-write_vk-Assert Zero.png>]
<imagenes/tamanios/tamanio-prove-Range-u8.png, id=1218, 433.62pt x 433.62pt>
File: imagenes/tamanios/tamanio-prove-Range-u8.png Graphic file (type png)
<use imagenes/tamanios/tamanio-prove-Range-u8.png>
Package pdftex.def Info: imagenes/tamanios/tamanio-prove-Range-u8.png  used on 
input line 497.
(pdftex.def)             Requested size: 256.07741pt x 256.09163pt.


LaTeX Warning: `!h' float specifier changed to `!ht'.

[94 <./imagenes/tamanios/tamanio-write_vk-Xor-u8.png>]

LaTeX Warning: `!h' float specifier changed to `!ht'.

[95 <./imagenes/tamanios/tamanio-prove-Range-u8.png>] [96] [97

] [98] [99]
[100

]
Cap\'{\i }tulo A.
File: imagenes/tiempos/prove-Assert Zero.png Graphic file (type png)
<use imagenes/tiempos/prove-Assert Zero.png>
Package pdftex.def Info: imagenes/tiempos/prove-Assert Zero.png  used on input 
line 569.
(pdftex.def)             Requested size: 140.84192pt x 140.8388pt.
File: imagenes/tiempos/prove-Memoria (varía operaciones).png Graphic file (typ
e png)
<use imagenes/tiempos/prove-Memoria (varía operaciones).png>
Package pdftex.def Info: imagenes/tiempos/prove-Memoria (varía operaciones).pn
g  used on input line 575.
(pdftex.def)             Requested size: 140.84192pt x 140.8388pt.
<imagenes/tiempos/prove-Memoria (varía tamaño de lista).png, id=1262, 433.62p
t x 433.62pt>
File: imagenes/tiempos/prove-Memoria (varía tamaño de lista).png Graphic file
 (type png)
<use imagenes/tiempos/prove-Memoria (varía tamaño de lista).png>
Package pdftex.def Info: imagenes/tiempos/prove-Memoria (varía tamaño de list
a).png  used on input line 581.
(pdftex.def)             Requested size: 140.84192pt x 140.8388pt.
<imagenes/tiempos/prove-Range-u8.png, id=1263, 433.62pt x 433.62pt>
File: imagenes/tiempos/prove-Range-u8.png Graphic file (type png)
<use imagenes/tiempos/prove-Range-u8.png>
Package pdftex.def Info: imagenes/tiempos/prove-Range-u8.png  used on input lin
e 590.
(pdftex.def)             Requested size: 140.84192pt x 140.8388pt.
<imagenes/tiempos/prove-Range-u16.png, id=1264, 433.62pt x 433.62pt>
File: imagenes/tiempos/prove-Range-u16.png Graphic file (type png)
<use imagenes/tiempos/prove-Range-u16.png>
Package pdftex.def Info: imagenes/tiempos/prove-Range-u16.png  used on input li
ne 596.
(pdftex.def)             Requested size: 140.84192pt x 140.8388pt.
<imagenes/tiempos/prove-Range-u32.png, id=1265, 433.62pt x 433.62pt>
File: imagenes/tiempos/prove-Range-u32.png Graphic file (type png)
<use imagenes/tiempos/prove-Range-u32.png>
Package pdftex.def Info: imagenes/tiempos/prove-Range-u32.png  used on input li
ne 602.
(pdftex.def)             Requested size: 140.84192pt x 140.8388pt.
File: imagenes/tiempos/prove-Xor-u8.png Graphic file (type png)
<use imagenes/tiempos/prove-Xor-u8.png>
Package pdftex.def Info: imagenes/tiempos/prove-Xor-u8.png  used on input line 
611.
(pdftex.def)             Requested size: 140.84192pt x 140.8388pt.
<imagenes/tiempos/prove-Xor-u16.png, id=1266, 433.62pt x 433.62pt>
File: imagenes/tiempos/prove-Xor-u16.png Graphic file (type png)
<use imagenes/tiempos/prove-Xor-u16.png>
Package pdftex.def Info: imagenes/tiempos/prove-Xor-u16.png  used on input line
 617.
(pdftex.def)             Requested size: 140.84192pt x 140.8388pt.
<imagenes/tiempos/prove-Xor-u32.png, id=1267, 433.62pt x 433.62pt>
File: imagenes/tiempos/prove-Xor-u32.png Graphic file (type png)
<use imagenes/tiempos/prove-Xor-u32.png>
Package pdftex.def Info: imagenes/tiempos/prove-Xor-u32.png  used on input line
 623.
(pdftex.def)             Requested size: 140.84192pt x 140.8388pt.
<imagenes/tiempos/write_vk-Assert Zero.png, id=1268, 433.62pt x 433.62pt>
File: imagenes/tiempos/write_vk-Assert Zero.png Graphic file (type png)
<use imagenes/tiempos/write_vk-Assert Zero.png>
Package pdftex.def Info: imagenes/tiempos/write_vk-Assert Zero.png  used on inp
ut line 638.
(pdftex.def)             Requested size: 140.84192pt x 140.8388pt.
<imagenes/tiempos/write_vk-Memoria (varía operaciones).png, id=1269, 433.62pt 
x 433.62pt>
File: imagenes/tiempos/write_vk-Memoria (varía operaciones).png Graphic file (
type png)
<use imagenes/tiempos/write_vk-Memoria (varía operaciones).png>
Package pdftex.def Info: imagenes/tiempos/write_vk-Memoria (varía operaciones)
.png  used on input line 644.
(pdftex.def)             Requested size: 140.84192pt x 140.8388pt.
<imagenes/tiempos/write_vk-Memoria (varía tamaño de lista).png, id=1270, 433.
62pt x 433.62pt>
File: imagenes/tiempos/write_vk-Memoria (varía tamaño de lista).png Graphic f
ile (type png)
<use imagenes/tiempos/write_vk-Memoria (varía tamaño de lista).png>
Package pdftex.def Info: imagenes/tiempos/write_vk-Memoria (varía tamaño de l
ista).png  used on input line 650.
(pdftex.def)             Requested size: 140.84192pt x 140.8388pt.
<imagenes/tiempos/write_vk-Range-u8.png, id=1271, 433.62pt x 433.62pt>
File: imagenes/tiempos/write_vk-Range-u8.png Graphic file (type png)
<use imagenes/tiempos/write_vk-Range-u8.png>
Package pdftex.def Info: imagenes/tiempos/write_vk-Range-u8.png  used on input 
line 659.
(pdftex.def)             Requested size: 140.84192pt x 140.8388pt.
<imagenes/tiempos/write_vk-Range-u16.png, id=1272, 433.62pt x 433.62pt>
File: imagenes/tiempos/write_vk-Range-u16.png Graphic file (type png)
<use imagenes/tiempos/write_vk-Range-u16.png>
Package pdftex.def Info: imagenes/tiempos/write_vk-Range-u16.png  used on input
 line 665.
(pdftex.def)             Requested size: 140.84192pt x 140.8388pt.
<imagenes/tiempos/write_vk-Range-u32.png, id=1273, 433.62pt x 433.62pt>
File: imagenes/tiempos/write_vk-Range-u32.png Graphic file (type png)
<use imagenes/tiempos/write_vk-Range-u32.png>
Package pdftex.def Info: imagenes/tiempos/write_vk-Range-u32.png  used on input
 line 671.
(pdftex.def)             Requested size: 140.84192pt x 140.8388pt.
File: imagenes/tiempos/write_vk-Xor-u8.png Graphic file (type png)
<use imagenes/tiempos/write_vk-Xor-u8.png>
Package pdftex.def Info: imagenes/tiempos/write_vk-Xor-u8.png  used on input li
ne 680.
(pdftex.def)             Requested size: 140.84192pt x 140.8388pt.
<imagenes/tiempos/write_vk-Xor-u16.png, id=1274, 433.62pt x 433.62pt>
File: imagenes/tiempos/write_vk-Xor-u16.png Graphic file (type png)
<use imagenes/tiempos/write_vk-Xor-u16.png>
Package pdftex.def Info: imagenes/tiempos/write_vk-Xor-u16.png  used on input l
ine 686.
(pdftex.def)             Requested size: 140.84192pt x 140.8388pt.
<imagenes/tiempos/write_vk-Xor-u32.png, id=1275, 433.62pt x 433.62pt>
File: imagenes/tiempos/write_vk-Xor-u32.png Graphic file (type png)
<use imagenes/tiempos/write_vk-Xor-u32.png>
Package pdftex.def Info: imagenes/tiempos/write_vk-Xor-u32.png  used on input l
ine 692.
(pdftex.def)             Requested size: 140.84192pt x 140.8388pt.
File: imagenes/tiempos/verify-Assert Zero.png Graphic file (type png)
<use imagenes/tiempos/verify-Assert Zero.png>
Package pdftex.def Info: imagenes/tiempos/verify-Assert Zero.png  used on input
 line 705.
(pdftex.def)             Requested size: 140.84192pt x 140.8388pt.
<imagenes/tiempos/verify-Memoria (varia operaciones).png, id=1276, 433.62pt x 4
33.62pt>
File: imagenes/tiempos/verify-Memoria (varia operaciones).png Graphic file (typ
e png)
<use imagenes/tiempos/verify-Memoria (varia operaciones).png>
Package pdftex.def Info: imagenes/tiempos/verify-Memoria (varia operaciones).pn
g  used on input line 711.
(pdftex.def)             Requested size: 140.84192pt x 140.8388pt.
<imagenes/tiempos/verify-Memoria (varía tamaño de lista).png, id=1277, 433.62
pt x 433.62pt>
File: imagenes/tiempos/verify-Memoria (varía tamaño de lista).png Graphic fil
e (type png)
<use imagenes/tiempos/verify-Memoria (varía tamaño de lista).png>
Package pdftex.def Info: imagenes/tiempos/verify-Memoria (varía tamaño de lis
ta).png  used on input line 717.
(pdftex.def)             Requested size: 140.84192pt x 140.8388pt.
<imagenes/tiempos/verify-Range-u8.png, id=1278, 433.62pt x 433.62pt>
File: imagenes/tiempos/verify-Range-u8.png Graphic file (type png)
<use imagenes/tiempos/verify-Range-u8.png>
Package pdftex.def Info: imagenes/tiempos/verify-Range-u8.png  used on input li
ne 726.
(pdftex.def)             Requested size: 140.84192pt x 140.8388pt.
<imagenes/tiempos/verify-Range-u16.png, id=1279, 433.62pt x 433.62pt>
File: imagenes/tiempos/verify-Range-u16.png Graphic file (type png)
<use imagenes/tiempos/verify-Range-u16.png>
Package pdftex.def Info: imagenes/tiempos/verify-Range-u16.png  used on input l
ine 732.
(pdftex.def)             Requested size: 140.84192pt x 140.8388pt.
<imagenes/tiempos/verify-Range-u32.png, id=1280, 433.62pt x 433.62pt>
File: imagenes/tiempos/verify-Range-u32.png Graphic file (type png)
<use imagenes/tiempos/verify-Range-u32.png>
Package pdftex.def Info: imagenes/tiempos/verify-Range-u32.png  used on input l
ine 738.
(pdftex.def)             Requested size: 140.84192pt x 140.8388pt.
<imagenes/tiempos/verify-Xor-u8.png, id=1281, 433.62pt x 433.62pt>
File: imagenes/tiempos/verify-Xor-u8.png Graphic file (type png)
<use imagenes/tiempos/verify-Xor-u8.png>
Package pdftex.def Info: imagenes/tiempos/verify-Xor-u8.png  used on input line
 747.
(pdftex.def)             Requested size: 140.84192pt x 140.8388pt.
<imagenes/tiempos/verify-Xor-u16.png, id=1282, 433.62pt x 433.62pt>
File: imagenes/tiempos/verify-Xor-u16.png Graphic file (type png)
<use imagenes/tiempos/verify-Xor-u16.png>
Package pdftex.def Info: imagenes/tiempos/verify-Xor-u16.png  used on input lin
e 753.
(pdftex.def)             Requested size: 140.84192pt x 140.8388pt.
<imagenes/tiempos/verify-Xor-u32.png, id=1283, 433.62pt x 433.62pt>
File: imagenes/tiempos/verify-Xor-u32.png Graphic file (type png)
<use imagenes/tiempos/verify-Xor-u32.png>
Package pdftex.def Info: imagenes/tiempos/verify-Xor-u32.png  used on input lin
e 759.
(pdftex.def)             Requested size: 140.84192pt x 140.8388pt.
File: imagenes/tamanios/tamanio-write_vk-Assert Zero.png Graphic file (type png
)
<use imagenes/tamanios/tamanio-write_vk-Assert Zero.png>
Package pdftex.def Info: imagenes/tamanios/tamanio-write_vk-Assert Zero.png  us
ed on input line 773.
(pdftex.def)             Requested size: 140.84192pt x 140.8388pt.
<imagenes/tamanios/tamanio-write_vk-Memoria (varía operaciones).png, id=1284, 
433.62pt x 433.62pt>
File: imagenes/tamanios/tamanio-write_vk-Memoria (varía operaciones).png Graph
ic file (type png)
<use imagenes/tamanios/tamanio-write_vk-Memoria (varía operaciones).png>
Package pdftex.def Info: imagenes/tamanios/tamanio-write_vk-Memoria (varía ope
raciones).png  used on input line 779.
(pdftex.def)             Requested size: 140.84192pt x 140.8388pt.
<imagenes/tamanios/tamanio-write_vk-Memoria (varía tamaño de lista).png, id=1
285, 433.62pt x 433.62pt>
File: imagenes/tamanios/tamanio-write_vk-Memoria (varía tamaño de lista).png 
Graphic file (type png)
<use imagenes/tamanios/tamanio-write_vk-Memoria (varía tamaño de lista).png>
Package pdftex.def Info: imagenes/tamanios/tamanio-write_vk-Memoria (varía tam
año de lista).png  used on input line 785.
(pdftex.def)             Requested size: 140.84192pt x 140.8388pt.
<imagenes/tamanios/tamanio-write_vk-Range-u8.png, id=1286, 433.62pt x 433.62pt>

File: imagenes/tamanios/tamanio-write_vk-Range-u8.png Graphic file (type png)
<use imagenes/tamanios/tamanio-write_vk-Range-u8.png>
Package pdftex.def Info: imagenes/tamanios/tamanio-write_vk-Range-u8.png  used 
on input line 794.
(pdftex.def)             Requested size: 140.84192pt x 140.8388pt.
<imagenes/tamanios/tamanio-write_vk-Range-u16.png, id=1287, 433.62pt x 433.62pt
>
File: imagenes/tamanios/tamanio-write_vk-Range-u16.png Graphic file (type png)
<use imagenes/tamanios/tamanio-write_vk-Range-u16.png>
Package pdftex.def Info: imagenes/tamanios/tamanio-write_vk-Range-u16.png  used
 on input line 800.
(pdftex.def)             Requested size: 140.84192pt x 140.8388pt.
<imagenes/tamanios/tamanio-write_vk-Range-u32.png, id=1288, 433.62pt x 433.62pt
>
File: imagenes/tamanios/tamanio-write_vk-Range-u32.png Graphic file (type png)
<use imagenes/tamanios/tamanio-write_vk-Range-u32.png>
Package pdftex.def Info: imagenes/tamanios/tamanio-write_vk-Range-u32.png  used
 on input line 806.
(pdftex.def)             Requested size: 140.84192pt x 140.8388pt.
File: imagenes/tamanios/tamanio-write_vk-Xor-u8.png Graphic file (type png)
<use imagenes/tamanios/tamanio-write_vk-Xor-u8.png>
Package pdftex.def Info: imagenes/tamanios/tamanio-write_vk-Xor-u8.png  used on
 input line 815.
(pdftex.def)             Requested size: 140.84192pt x 140.8388pt.
<imagenes/tamanios/tamanio-write_vk-Xor-u16.png, id=1289, 433.62pt x 433.62pt>
File: imagenes/tamanios/tamanio-write_vk-Xor-u16.png Graphic file (type png)
<use imagenes/tamanios/tamanio-write_vk-Xor-u16.png>
Package pdftex.def Info: imagenes/tamanios/tamanio-write_vk-Xor-u16.png  used o
n input line 821.
(pdftex.def)             Requested size: 140.84192pt x 140.8388pt.
<imagenes/tamanios/tamanio-write_vk-Xor-u32.png, id=1290, 433.62pt x 433.62pt>
File: imagenes/tamanios/tamanio-write_vk-Xor-u32.png Graphic file (type png)
<use imagenes/tamanios/tamanio-write_vk-Xor-u32.png>
Package pdftex.def Info: imagenes/tamanios/tamanio-write_vk-Xor-u32.png  used o
n input line 827.
(pdftex.def)             Requested size: 140.84192pt x 140.8388pt.
<imagenes/tamanios/tamanio-prove-Assert Zero.png, id=1291, 433.62pt x 433.62pt>

File: imagenes/tamanios/tamanio-prove-Assert Zero.png Graphic file (type png)
<use imagenes/tamanios/tamanio-prove-Assert Zero.png>
Package pdftex.def Info: imagenes/tamanios/tamanio-prove-Assert Zero.png  used 
on input line 841.
(pdftex.def)             Requested size: 140.84192pt x 140.8388pt.
<imagenes/tamanios/tamanio-prove-Memoria (varía operaciones).png, id=1292, 433
.62pt x 433.62pt>
File: imagenes/tamanios/tamanio-prove-Memoria (varía operaciones).png Graphic 
file (type png)
<use imagenes/tamanios/tamanio-prove-Memoria (varía operaciones).png>
Package pdftex.def Info: imagenes/tamanios/tamanio-prove-Memoria (varía operac
iones).png  used on input line 847.
(pdftex.def)             Requested size: 140.84192pt x 140.8388pt.
<imagenes/tamanios/tamanio-prove-Memoria (varía tamaño de lista).png, id=1293
, 433.62pt x 433.62pt>
File: imagenes/tamanios/tamanio-prove-Memoria (varía tamaño de lista).png Gra
phic file (type png)
<use imagenes/tamanios/tamanio-prove-Memoria (varía tamaño de lista).png>
Package pdftex.def Info: imagenes/tamanios/tamanio-prove-Memoria (varía tamañ
o de lista).png  used on input line 853.
(pdftex.def)             Requested size: 140.84192pt x 140.8388pt.
File: imagenes/tamanios/tamanio-prove-Range-u8.png Graphic file (type png)
<use imagenes/tamanios/tamanio-prove-Range-u8.png>
Package pdftex.def Info: imagenes/tamanios/tamanio-prove-Range-u8.png  used on 
input line 862.
(pdftex.def)             Requested size: 140.84192pt x 140.8388pt.
<imagenes/tamanios/tamanio-prove-Range-u16.png, id=1294, 433.62pt x 433.62pt>
File: imagenes/tamanios/tamanio-prove-Range-u16.png Graphic file (type png)
<use imagenes/tamanios/tamanio-prove-Range-u16.png>
Package pdftex.def Info: imagenes/tamanios/tamanio-prove-Range-u16.png  used on
 input line 868.
(pdftex.def)             Requested size: 140.84192pt x 140.8388pt.
<imagenes/tamanios/tamanio-prove-Range-u32.png, id=1295, 433.62pt x 433.62pt>
File: imagenes/tamanios/tamanio-prove-Range-u32.png Graphic file (type png)
<use imagenes/tamanios/tamanio-prove-Range-u32.png>
Package pdftex.def Info: imagenes/tamanios/tamanio-prove-Range-u32.png  used on
 input line 874.
(pdftex.def)             Requested size: 140.84192pt x 140.8388pt.
<imagenes/tamanios/tamanio-prove-Xor-u8.png, id=1296, 433.62pt x 433.62pt>
File: imagenes/tamanios/tamanio-prove-Xor-u8.png Graphic file (type png)
<use imagenes/tamanios/tamanio-prove-Xor-u8.png>
Package pdftex.def Info: imagenes/tamanios/tamanio-prove-Xor-u8.png  used on in
put line 883.
(pdftex.def)             Requested size: 140.84192pt x 140.8388pt.
<imagenes/tamanios/tamanio-prove-Xor-u16.png, id=1297, 433.62pt x 433.62pt>
File: imagenes/tamanios/tamanio-prove-Xor-u16.png Graphic file (type png)
<use imagenes/tamanios/tamanio-prove-Xor-u16.png>
Package pdftex.def Info: imagenes/tamanios/tamanio-prove-Xor-u16.png  used on i
nput line 889.
(pdftex.def)             Requested size: 140.84192pt x 140.8388pt.
<imagenes/tamanios/tamanio-prove-Xor-u32.png, id=1298, 433.62pt x 433.62pt>
File: imagenes/tamanios/tamanio-prove-Xor-u32.png Graphic file (type png)
<use imagenes/tamanios/tamanio-prove-Xor-u32.png>
Package pdftex.def Info: imagenes/tamanios/tamanio-prove-Xor-u32.png  used on i
nput line 895.
(pdftex.def)             Requested size: 140.84192pt x 140.8388pt.
[101

 <./imagenes/tiempos/prove-Memoria (varía tamaño de lista).png> <./imagenes/t
iempos/prove-Range-u8.png> <./imagenes/tiempos/prove-Range-u16.png> <./imagenes
/tiempos/prove-Range-u32.png> <./imagenes/tiempos/prove-Xor-u16.png> <./imagene
s/tiempos/prove-Xor-u32.png>]
LaTeX Info: Redefining \. on input line 904.
LaTeX Info: Redefining \% on input line 904.
 [102 <./imagenes/tiempos/write_vk-Assert Zero.png> <./imagenes/tiempos/write_v
k-Memoria (varía operaciones).png> <./imagenes/tiempos/write_vk-Memoria (varí
a tamaño de lista).png> <./imagenes/tiempos/write_vk-Range-u8.png> <./imagenes
/tiempos/write_vk-Range-u16.png> <./imagenes/tiempos/write_vk-Range-u32.png> <.
/imagenes/tiempos/write_vk-Xor-u16.png> <./imagenes/tiempos/write_vk-Xor-u32.pn
g>]
LaTeX Info: Redefining \. on input line 904.
LaTeX Info: Redefining \% on input line 904.
 [103 <./imagenes/tiempos/verify-Memoria (varia operaciones).png> <./imagenes/t
iempos/verify-Memoria (varía tamaño de lista).png> <./imagenes/tiempos/verify
-Range-u8.png> <./imagenes/tiempos/verify-Range-u16.png> <./imagenes/tiempos/ve
rify-Range-u32.png> <./imagenes/tiempos/verify-Xor-u8.png> <./imagenes/tiempos/
verify-Xor-u16.png> <./imagenes/tiempos/verify-Xor-u32.png>]
LaTeX Info: Redefining \. on input line 904.
LaTeX Info: Redefining \% on input line 904.
 [104 <./imagenes/tamanios/tamanio-write_vk-Memoria (varía operaciones).png> <
./imagenes/tamanios/tamanio-write_vk-Memoria (varía tamaño de lista).png> <./
imagenes/tamanios/tamanio-write_vk-Range-u8.png> <./imagenes/tamanios/tamanio-w
rite_vk-Range-u16.png> <./imagenes/tamanios/tamanio-write_vk-Range-u32.png> <./
imagenes/tamanios/tamanio-write_vk-Xor-u16.png> <./imagenes/tamanios/tamanio-wr
ite_vk-Xor-u32.png>]
LaTeX Info: Redefining \. on input line 904.
LaTeX Info: Redefining \% on input line 904.
 [105 <./imagenes/tamanios/tamanio-prove-Assert Zero.png> <./imagenes/tamanios/
tamanio-prove-Memoria (varía operaciones).png> <./imagenes/tamanios/tamanio-pr
ove-Memoria (varía tamaño de lista).png> <./imagenes/tamanios/tamanio-prove-R
ange-u16.png> <./imagenes/tamanios/tamanio-prove-Range-u32.png> <./imagenes/tam
anios/tamanio-prove-Xor-u8.png> <./imagenes/tamanios/tamanio-prove-Xor-u16.png>
 <./imagenes/tamanios/tamanio-prove-Xor-u32.png>]
Cap\'{\i }tulo B.
[106

]
LaTeX Info: Redefining \. on input line 947.
LaTeX Info: Redefining \% on input line 947.
 [107]
Cap\'{\i }tulo C.
[108

]
LaTeX Info: Redefining \. on input line 988.
LaTeX Info: Redefining \% on input line 988.
 [109] (./tesis.bbl) [110

] (./tesis.aux
LaTeX Info: Redefining \. on input line 25.
LaTeX Info: Redefining \% on input line 25.
 (./secciones/introduccion.aux)
(./secciones/primitivas_criptograficas.aux) (./secciones/proving_systems.aux)
(./secciones/pcs.aux) (./secciones/problema_a_resolver.aux)
(./secciones/noir.aux) (./secciones/plonky2.aux) (./secciones/noirky2.aux))
Package rerunfilecheck Info: File `tesis.out' has not changed.
(rerunfilecheck)             Checksum: D0C52643A4167BC248EBD0D89BD292A3;11360.
runsystem(rm tesis.pyg)...executed.

 ) 
Here is how much of TeX's memory you used:
 30144 strings out of 480112
 584686 string characters out of 5892631
 883439 words of memory out of 5000000
 47049 multiletter control sequences out of 15000+600000
 483414 words of font info for 82 fonts, out of 8000000 for 9000
 85 hyphenation exceptions out of 8191
 99i,15n,131p,1201b,1331s stack positions out of 5000i,500n,10000p,200000b,80000s
{/usr/share/texmf/fonts/enc/dvips/cm-super/cm-super-ts1.enc}</usr/share/texli
ve/texmf-dist/fonts/type1/public/amsfonts/cm/cmbx10.pfb></usr/share/texlive/tex
mf-dist/fonts/type1/public/amsfonts/cm/cmbx12.pfb></usr/share/texlive/texmf-dis
t/fonts/type1/public/amsfonts/cm/cmbxti10.pfb></usr/share/texlive/texmf-dist/fo
nts/type1/public/amsfonts/cm/cmcsc10.pfb></usr/share/texlive/texmf-dist/fonts/t
ype1/public/amsfonts/cm/cmex10.pfb></usr/share/texlive/texmf-dist/fonts/type1/p
ublic/amsfonts/cm/cmitt10.pfb></usr/share/texlive/texmf-dist/fonts/type1/public
/amsfonts/cm/cmmi10.pfb></usr/share/texlive/texmf-dist/fonts/type1/public/amsfo
nts/cm/cmmi6.pfb></usr/share/texlive/texmf-dist/fonts/type1/public/amsfonts/cm/
cmmi7.pfb></usr/share/texlive/texmf-dist/fonts/type1/public/amsfonts/cm/cmmi8.p
fb></usr/share/texlive/texmf-dist/fonts/type1/public/amsfonts/cm/cmr10.pfb></us
r/share/texlive/texmf-dist/fonts/type1/public/amsfonts/cm/cmr12.pfb></usr/share
/texlive/texmf-dist/fonts/type1/public/amsfonts/cm/cmr5.pfb></usr/share/texlive
/texmf-dist/fonts/type1/public/amsfonts/cm/cmr6.pfb></usr/share/texlive/texmf-d
ist/fonts/type1/public/amsfonts/cm/cmr7.pfb></usr/share/texlive/texmf-dist/font
s/type1/public/amsfonts/cm/cmr8.pfb></usr/share/texlive/texmf-dist/fonts/type1/
public/amsfonts/cm/cmr9.pfb></usr/share/texlive/texmf-dist/fonts/type1/public/a
msfonts/cm/cmsl10.pfb></usr/share/texlive/texmf-dist/fonts/type1/public/amsfont
s/cm/cmss10.pfb></usr/share/texlive/texmf-dist/fonts/type1/public/amsfonts/cm/c
mssbx10.pfb></usr/share/texlive/texmf-dist/fonts/type1/public/amsfonts/cm/cmsy1
0.pfb></usr/share/texlive/texmf-dist/fonts/type1/public/amsfonts/cm/cmsy6.pfb><
/usr/share/texlive/texmf-dist/fonts/type1/public/amsfonts/cm/cmsy8.pfb></usr/sh
are/texlive/texmf-dist/fonts/type1/public/amsfonts/cm/cmti10.pfb></usr/share/te
xlive/texmf-dist/fonts/type1/public/amsfonts/cm/cmtt10.pfb></usr/share/texlive/
texmf-dist/fonts/type1/public/amsfonts/cm/cmtt8.pfb></usr/share/texlive/texmf-d
ist/fonts/type1/public/amsfonts/cm/cmtt9.pfb></usr/share/texlive/texmf-dist/fon
ts/type1/public/amsfonts/symbols/msbm10.pfb></usr/share/texmf/fonts/type1/publi
c/cm-super/sfrm1095.pfb>
Output written on tesis.pdf (114 pages, 3178867 bytes).
PDF statistics:
 1596 PDF objects out of 1728 (max. 8388607)
 1289 compressed objects within 13 object streams
 409 named destinations out of 1000 (max. 500000)
 867 words of extra memory for PDF output out of 10000 (max. 10000000)

